#
# A fatal error has been detected by the Java Runtime Environment:
#
#  SIGSEGV (0xb) at pc=0x00000001065b1973, pid=57860, tid=12035
#
# JRE version: OpenJDK Runtime Environment Zulu17.32+13-CA (17.0.2+8) (build 17.0.2+8-LTS)
# Java VM: OpenJDK 64-Bit Server VM Zulu17.32+13-CA (17.0.2+8-LTS, mixed mode, sharing, tiered, compressed oops, compressed class ptrs, parallel gc, bsd-amd64)
# Problematic frame:
# V  [libjvm.dylib+0x8fc973]  _ZN20ParCompactionManager13mark_and_pushI9narrowOopEEvPT_+0xa3
#
# No core dump will be written. Core dumps have been disabled. To enable core dumping, try "ulimit -c unlimited" before starting Java again
#
# If you would like to submit a bug report, please visit:
#   http://www.azul.com/support/
#

---------------  S U M M A R Y ------------

Command Line: --add-modules=ALL-SYSTEM --add-opens=java.base/java.util=ALL-UNNAMED --add-opens=java.base/java.lang=ALL-UNNAMED --add-opens=java.base/sun.nio.fs=ALL-UNNAMED -Declipse.application=org.eclipse.jdt.ls.core.id1 -Dosgi.bundles.defaultStartLevel=4 -Declipse.product=org.eclipse.jdt.ls.core.product -Djava.import.generatesMetadataFilesAtProjectRoot=false -Dfile.encoding=utf8 -XX:+UseParallelGC -XX:GCTimeRatio=4 -XX:AdaptiveSizePolicyWeight=90 -Dsun.zip.disableMemoryMapping=true -Xmx1G -Xms100m -XX:+HeapDumpOnOutOfMemoryError -XX:HeapDumpPath=/Users/yekongyunling/Library/Application Support/Code/User/workspaceStorage/0287316c405d2814aa63b10688f0e31c/redhat.java /Users/yekongyunling/.vscode/extensions/redhat.java-1.4.0/server/plugins/org.eclipse.equinox.launcher_1.6.400.v20210924-0641.jar -configuration /Users/yekongyunling/Library/Application Support/Code/User/globalStorage/redhat.java/1.4.0/config_mac -data /Users/yekongyunling/Library/Application Support/Code/User/workspaceStorage/0287316c405d2814aa63b10688f0e31c/redhat.java/jdt_ws

Host: "MacBookPro16,1" x86_64 2300 MHz, 16 cores, 16G, Darwin 21.4.0, macOS 10.16 (21E258)
Time: Fri Apr  8 22:15:03 2022 CST elapsed time: 485.915782 seconds (0d 0h 8m 5s)

---------------  T H R E A D  ---------------

Current thread (0x00007f873b304080):  GCTaskThread "GC Thread#0" [stack: 0x0000700004d09000,0x0000700004e09000] [id=12035]

Stack: [0x0000700004d09000,0x0000700004e09000],  sp=0x0000700004e08ca0,  free space=1023k
Native frames: (J=compiled Java code, j=interpreted, Vv=VM code, C=native code)
V  [libjvm.dylib+0x8fc973]  _ZN20ParCompactionManager13mark_and_pushI9narrowOopEEvPT_+0xa3
V  [libjvm.dylib+0x8fc28b]  _ZN20ParCompactionManager12follow_arrayEP15objArrayOopDesci+0x28b
V  [libjvm.dylib+0x8fb3d9]  _ZN20ParCompactionManager21follow_marking_stacksEv+0x1f9
V  [libjvm.dylib+0x909cd3]  _ZN34PCAddThreadRootsMarkingTaskClosure9do_threadEP6Thread+0x83
V  [libjvm.dylib+0xaa16dc]  _ZN7Threads28possibly_parallel_threads_doEbP13ThreadClosure+0x8c
V  [libjvm.dylib+0x9098b2]  _ZN17MarkFromRootsTask4workEj+0x102
V  [libjvm.dylib+0xb4ad1a]  _ZN10GangWorker4loopEv+0x6a
V  [libjvm.dylib+0xb4ac96]  _ZN10GangWorker3runEv+0x16
V  [libjvm.dylib+0xa9c56a]  _ZN6Thread8call_runEv+0x11a
V  [libjvm.dylib+0x8aa3a8]  _ZL19thread_native_entryP6Thread+0x148
C  [libsystem_pthread.dylib+0x64e1]  _pthread_start+0x7d
C  [libsystem_pthread.dylib+0x1f6b]  thread_start+0xf


siginfo: si_signo: 11 (SIGSEGV), si_code: 1 (SEGV_MAPERR), si_addr: 0x0000000000000100

Register to memory mapping:

RAX=0x0 is NULL
RBX=0x00000007c0581118 is pointing into object: [Ljava.util.HashMap$Node; 
{0x00000007c0581108} - klass: 'java/util/HashMap$Node'[]
 - length: 8
RCX=0x0000000000002c00 is an unknown value
RDX=0x00000000000b0201 is an unknown value
RSP=0x0000700004e08ca0 points into unknown readable memory: 0x0000000000015e02 | 02 5e 01 00 00 00 00 00
RBP=0x0000700004e08cc0 points into unknown readable memory: 0x0000700004e08d00 | 00 8d e0 04 00 70 00 00
RSI=0x00000007c0581118 is pointing into object: [Ljava.util.HashMap$Node; 
{0x00000007c0581108} - klass: 'java/util/HashMap$Node'[]
 - length: 8
RDI=0x0000000800000000 is pointing into metadata
R8 =0x000000011ee7f040 points into unknown readable memory: 0x0044004104449222 | 22 92 44 04 41 00 44 00
R9 =0x000000000000000b is an unknown value
R10=0x000000011de7f040 points into unknown readable memory: 0x0008800208892444 | 44 24 89 08 02 80 08 00
R11=0x0008000208892444 is an unknown value
R12=0x0000000000000008 is an unknown value
R13=0x0000000000000008 is an unknown value
R14=0x00007f873d010800 points into unknown readable memory: 0x0000000000000000 | 00 00 00 00 00 00 00 00
R15=0x00007f873d010800 points into unknown readable memory: 0x0000000000000000 | 00 00 00 00 00 00 00 00


Registers:
RAX=0x0000000000000000, RBX=0x00000007c0581118, RCX=0x0000000000002c00, RDX=0x00000000000b0201
RSP=0x0000700004e08ca0, RBP=0x0000700004e08cc0, RSI=0x00000007c0581118, RDI=0x0000000800000000
R8 =0x000000011ee7f040, R9 =0x000000000000000b, R10=0x000000011de7f040, R11=0x0008000208892444
R12=0x0000000000000008, R13=0x0000000000000008, R14=0x00007f873d010800, R15=0x00007f873d010800
RIP=0x00000001065b1973, EFLAGS=0x0000000000010246, ERR=0x0000000000000004
  TRAPNO=0x000000000000000e

Top of Stack: (sp=0x0000700004e08ca0)
0x0000700004e08ca0:   0000000000015e02 00000007c058112c
0x0000700004e08cb0:   00000007c0581138 00007f873d010800
0x0000700004e08cc0:   0000700004e08d00 00000001065b128b
0x0000700004e08cd0:   0000000000000001 0000600003228000
0x0000700004e08ce0:   0000000106a11e79 00007f873d010908
0x0000700004e08cf0:   00000001069cef30 00007f873d010800
0x0000700004e08d00:   0000700004e08d80 00000001065b03d9
0x0000700004e08d10:   00007f873d010a88 0000700006d0fbd0
0x0000700004e08d20:   00007f873d010d50 00000001069bcf70
0x0000700004e08d30:   00006000018342a0 00007f8700000003
0x0000700004e08d40:   00007f873d010800 00007f873d010bd0
0x0000700004e08d50:   0000700004e08d80 0000600003228000
0x0000700004e08d60:   00007f873d010800 00007f873b2056d8
0x0000700004e08d70:   00000000000003d8 00007f873d0dec00
0x0000700004e08d80:   0000700004e08e00 00000001065becd3
0x0000700004e08d90:   000000000000001a 00000001069ad910
0x0000700004e08da0:   0000700004e08db0 00000001065c5600
0x0000700004e08db0:   00000001069bd2e8 00007f873d010800
0x0000700004e08dc0:   00007f873b2052f0 00007f873b205300
0x0000700004e08dd0:   ffffffffffffffff 0000700004e08e68
0x0000700004e08de0:   0000000000000240 00007f874061a5f0
0x0000700004e08df0:   0000000000000120 000000000000064e
0x0000700004e08e00:   0000700004e08e40 00000001067566dc
0x0000700004e08e10:   00000001069bd2d0 0000700004f0b588
0x0000700004e08e20:   000000000000000a 00007ff844d509c4
0x0000700004e08e30:   0000700004e08ed8 000000000000000a
0x0000700004e08e40:   0000700004e08ec0 00000001065be8b2
0x0000700004e08e50:   000000000000000e 0000700004f0b060
0x0000700004e08e60:   0000700004f0b450 00000001069bd2d0
0x0000700004e08e70:   000000000000000a 0000000000000000
0x0000700004e08e80:   0000000000000000 0000700004f0b270
0x0000700004e08e90:   0000000200000100 0000700004f0b450 

Instructions: (pc=0x00000001065b1973)
0x00000001065b1873:   00 00 ff 10 49 8b 8e 90 02 00 00 49 8b 96 c0 02
0x00000001065b1883:   00 00 48 89 14 c8 49 89 86 c0 02 00 00 49 c7 86
0x00000001065b1893:   a8 02 00 00 00 00 00 00 48 85 d2 74 09 49 8b 8e
0x00000001065b18a3:   90 02 00 00 eb 02 31 c9 49 01 8e b0 02 00 00 31
0x00000001065b18b3:   c9 48 89 1c c8 48 ff c1 49 89 8e a8 02 00 00 48
0x00000001065b18c3:   83 c4 08 5b 41 5e 41 5f 5d c3 0f 1f 00 55 48 89
0x00000001065b18d3:   e5 41 57 41 56 53 50 8b 1e 48 85 db 0f 84 dc 01
0x00000001065b18e3:   00 00 48 8d 05 34 d6 41 00 8a 48 08 48 d3 e3 48
0x00000001065b18f3:   03 18 48 8b 05 84 37 47 00 48 89 da 48 2b 10 48
0x00000001065b1903:   c1 ea 03 48 8d 0d eb f4 41 00 8a 09 48 d3 ea 48
0x00000001065b1913:   8b 40 10 48 89 d1 48 c1 e9 06 48 8b 04 c8 48 0f
0x00000001065b1923:   a3 d0 0f 82 96 01 00 00 49 89 fe 48 8d 05 44 05
0x00000001065b1933:   46 00 8a 10 84 d2 74 23 8b 7b 08 48 8d 05 eb d5
0x00000001065b1943:   41 00 8a 48 08 48 d3 e7 48 03 38 8b 47 08 85 c0
0x00000001065b1953:   7e 14 a8 01 75 14 c1 e8 03 eb 52 48 8b 7b 08 8b
0x00000001065b1963:   47 08 85 c0 7f ec 85 c0 78 0e 48 8b 07 48 89 de
0x00000001065b1973:   ff 90 00 01 00 00 eb 35 31 c9 84 d2 0f 94 c1 48
0x00000001065b1983:   63 54 8b 0c 89 c1 48 d3 e2 c1 e8 10 0f b6 c0 48
0x00000001065b1993:   01 d0 48 8d 0d 58 f4 41 00 48 63 09 48 8d 54 01
0x00000001065b19a3:   ff f7 d9 48 63 c1 48 21 d0 48 c1 e8 03 4c 63 f8
0x00000001065b19b3:   48 8d 3d 86 38 47 00 48 89 de 4c 89 fa e8 8b 37
0x00000001065b19c3:   fc ff 84 c0 0f 84 f4 00 00 00 48 8d 3d 9c 39 47
0x00000001065b19d3:   00 48 89 de 4c 89 fa e8 31 4f 00 00 41 8b 86 88
0x00000001065b19e3:   00 00 00 41 8b 8e 08 01 00 00 89 c2 29 ca 81 e2
0x00000001065b19f3:   fe ff 01 00 81 fa fe ff 01 00 75 3a 49 8b 8e a8
0x00000001065b1a03:   02 00 00 49 3b 8e 90 02 00 00 75 46 49 8b 96 b8
0x00000001065b1a13:   02 00 00 48 85 d2 74 43 49 8b 86 c8 02 00 00 48
0x00000001065b1a23:   8b 34 c8 49 89 b6 c8 02 00 00 48 ff ca 49 89 96
0x00000001065b1a33:   b8 02 00 00 eb 44 49 8b 8e 88 01 00 00 48 89 1c
0x00000001065b1a43:   c1 8d 40 01 25 ff ff 01 00 41 89 86 88 00 00 00
0x00000001065b1a53:   eb 6c 49 8b 86 c0 02 00 00 eb 55 49 8d be 88 02
0x00000001065b1a63:   00 00 48 8d 34 cd 08 00 00 00 49 8b 86 88 02 00 


Stack slot to memory mapping:
stack at sp + 0 slots: 0x0000000000015e02 is an unknown value
stack at sp + 1 slots: 0x00000007c058112c is pointing into object: [Ljava.util.HashMap$Node; 
{0x00000007c0581108} - klass: 'java/util/HashMap$Node'[]
 - length: 8
stack at sp + 2 slots: 0x00000007c0581138 is an oop: java.util.HashMap$Node 
{0x00000007c0581138} - klass: 'java/util/HashMap$Node'
 - ---- fields (total size 4 words):
 - final 'hash' 'I' @12  53756086 (33440b6)
 - final 'key' 'Ljava/lang/Object;' @16  "osgi.wiring.package"{0x00000007c052bc18} (f80a5783)
 - 'value' 'Ljava/lang/Object;' @20  "javax.naming.directory"{0x00000007c054d3c8} (f80a9a79)
 - 'next' 'Ljava/util/HashMap$Node;' @24  NULL (0)
stack at sp + 3 slots: 0x00007f873d010800 points into unknown readable memory: 0x0000000000000000 | 00 00 00 00 00 00 00 00
stack at sp + 4 slots: 0x0000700004e08d00 points into unknown readable memory: 0x0000700004e08d80 | 80 8d e0 04 00 70 00 00
stack at sp + 5 slots: 0x00000001065b128b: _ZN20ParCompactionManager12follow_arrayEP15objArrayOopDesci+0x28b in /Library/Java/JavaVirtualMachines/zulu-17.jdk/Contents/Home/lib/server/libjvm.dylib at 0x0000000105cb5000
stack at sp + 6 slots: 0x0000000000000001 is an unknown value
stack at sp + 7 slots: 0x0000600003228000 points into unknown readable memory: 0x0000000000000002 | 02 00 00 00 00 00 00 00


---------------  P R O C E S S  ---------------

Threads class SMR info:
_java_thread_list=0x0000600003b84680, length=51, elements={
0x00007f873c008600, 0x00007f873d019e00, 0x00007f874080a400, 0x00007f873c00d400,
0x00007f873c00da00, 0x00007f873c00e000, 0x00007f873c010200, 0x00007f8740808600,
0x00007f8740808c00, 0x00007f8741808200, 0x00007f873d02a800, 0x00007f87418ce600,
0x00007f873a817000, 0x00007f87410fba00, 0x00007f873a8b6600, 0x00007f873d0dec00,
0x00007f873c082400, 0x00007f8741121800, 0x00007f873b877800, 0x00007f873c85a000,
0x00007f873c85f600, 0x00007f8741980200, 0x00007f873c011000, 0x00007f8744933000,
0x00007f874134ea00, 0x00007f872d072e00, 0x00007f8749010200, 0x00007f8749870800,
0x00007f8741b51400, 0x00007f873d0df200, 0x00007f87418f9600, 0x00007f872d047000,
0x00007f874837b200, 0x00007f8744021600, 0x00007f8744021c00, 0x00007f8745026600,
0x00007f8744039800, 0x00007f8749f10a00, 0x00007f874953dc00, 0x00007f8749017600,
0x00007f873d6f2000, 0x00007f8749a2f600, 0x00007f873a922800, 0x00007f8732e10800,
0x00007f8749a47200, 0x00007f8732075c00, 0x00007f8732cb7600, 0x00007f8741060a00,
0x00007f872d045800, 0x00007f872d072800, 0x00007f872d70f600
}

Java Threads: ( => current thread )
  0x00007f873c008600 JavaThread "main" [_thread_blocked, id=6403, stack(0x0000700004c06000,0x0000700004d06000)]
  0x00007f873d019e00 JavaThread "Reference Handler" daemon [_thread_blocked, id=18435, stack(0x0000700004f0f000,0x000070000500f000)]
  0x00007f874080a400 JavaThread "Finalizer" daemon [_thread_blocked, id=14083, stack(0x0000700005012000,0x0000700005112000)]
  0x00007f873c00d400 JavaThread "Signal Dispatcher" daemon [_thread_blocked, id=16131, stack(0x000070000521b000,0x000070000531b000)]
  0x00007f873c00da00 JavaThread "Service Thread" daemon [_thread_blocked, id=16387, stack(0x000070000531e000,0x000070000541e000)]
  0x00007f873c00e000 JavaThread "Monitor Deflation Thread" daemon [_thread_blocked, id=21763, stack(0x0000700005421000,0x0000700005521000)]
  0x00007f873c010200 JavaThread "C2 CompilerThread0" daemon [_thread_blocked, id=22019, stack(0x0000700005524000,0x0000700005624000)]
  0x00007f8740808600 JavaThread "C1 CompilerThread0" daemon [_thread_blocked, id=22275, stack(0x0000700005627000,0x0000700005727000)]
  0x00007f8740808c00 JavaThread "Sweeper thread" daemon [_thread_blocked, id=22531, stack(0x000070000572a000,0x000070000582a000)]
  0x00007f8741808200 JavaThread "Common-Cleaner" daemon [_thread_blocked, id=42499, stack(0x000070000582d000,0x000070000592d000)]
  0x00007f873d02a800 JavaThread "Notification Thread" daemon [_thread_blocked, id=40963, stack(0x0000700005c39000,0x0000700005d39000)]
  0x00007f87418ce600 JavaThread "Active Thread: Equinox Container: 8cac70c1-dc7b-499e-8dac-fea19d64d062" [_thread_blocked, id=24579, stack(0x0000700005f69000,0x0000700006069000)]
  0x00007f873a817000 JavaThread "Framework Event Dispatcher: Equinox Container: 8cac70c1-dc7b-499e-8dac-fea19d64d062" daemon [_thread_blocked, id=39939, stack(0x000070000606c000,0x000070000616c000)]
  0x00007f87410fba00 JavaThread "Start Level: Equinox Container: 8cac70c1-dc7b-499e-8dac-fea19d64d062" daemon [_thread_blocked, id=27395, stack(0x0000700006781000,0x0000700006881000)]
  0x00007f873a8b6600 JavaThread "SCR Component Actor" daemon [_thread_blocked, id=36611, stack(0x0000700006884000,0x0000700006984000)]
  0x00007f873d0dec00 JavaThread "Worker-JM" [_thread_blocked, id=83719, stack(0x0000700006c10000,0x0000700006d10000)]
  0x00007f873c082400 JavaThread "Worker-0" [_thread_blocked, id=47363, stack(0x0000700006d13000,0x0000700006e13000)]
  0x00007f8741121800 JavaThread "Java indexing" daemon [_thread_blocked, id=80643, stack(0x000070000752b000,0x000070000762b000)]
  0x00007f873b877800 JavaThread "pool-3-thread-1" [_thread_blocked, id=79875, stack(0x0000700007731000,0x0000700007831000)]
  0x00007f873c85a000 JavaThread "pool-2-thread-1" [_thread_in_native, id=49155, stack(0x0000700007834000,0x0000700007934000)]
  0x00007f873c85f600 JavaThread "Timer-1" [_thread_blocked, id=78083, stack(0x0000700007e46000,0x0000700007f46000)]
  0x00007f8741980200 JavaThread "Timer-2" [_thread_blocked, id=50947, stack(0x0000700007f49000,0x0000700008049000)]
  0x00007f873c011000 JavaThread "Timer-3" [_thread_blocked, id=77319, stack(0x0000700007d43000,0x0000700007e43000)]
  0x00007f8744933000 JavaThread "Timer-4" [_thread_blocked, id=76811, stack(0x000070000804c000,0x000070000814c000)]
  0x00007f874134ea00 JavaThread "ForkJoinPool.commonPool-worker-1" daemon [_thread_blocked, id=84247, stack(0x0000700005115000,0x0000700005215000)]
  0x00007f872d072e00 JavaThread "Attach Listener" daemon [_thread_blocked, id=41491, stack(0x0000700005930000,0x0000700005a30000)]
  0x00007f8749010200 JavaThread "ForkJoinPool.commonPool-worker-3" daemon [_thread_blocked, id=41755, stack(0x0000700005a33000,0x0000700005b33000)]
  0x00007f8749870800 JavaThread "ForkJoinPool.commonPool-worker-4" daemon [_thread_blocked, id=42251, stack(0x0000700006b0d000,0x0000700006c0d000)]
  0x00007f8741b51400 JavaThread "ForkJoinPool.commonPool-worker-5" daemon [_thread_blocked, id=83987, stack(0x0000700007937000,0x0000700007a37000)]
  0x00007f873d0df200 JavaThread "ForkJoinPool.commonPool-worker-6" daemon [_thread_blocked, id=46615, stack(0x0000700007a3a000,0x0000700007b3a000)]
  0x00007f87418f9600 JavaThread "ForkJoinPool.commonPool-worker-7" daemon [_thread_blocked, id=78867, stack(0x0000700007b3d000,0x0000700007c3d000)]
  0x00007f872d047000 JavaThread "ForkJoinPool.commonPool-worker-10" daemon [_thread_blocked, id=15111, stack(0x0000700008355000,0x0000700008455000)]
  0x00007f874837b200 JavaThread "ForkJoinPool.commonPool-worker-11" daemon [_thread_blocked, id=76563, stack(0x0000700008458000,0x0000700008558000)]
  0x00007f8744021600 JavaThread "ForkJoinPool.commonPool-worker-12" daemon [_thread_blocked, id=76307, stack(0x000070000855b000,0x000070000865b000)]
  0x00007f8744021c00 JavaThread "ForkJoinPool.commonPool-worker-13" daemon [_thread_blocked, id=52227, stack(0x000070000865e000,0x000070000875e000)]
  0x00007f8745026600 JavaThread "ForkJoinPool.commonPool-worker-14" daemon [_thread_blocked, id=52739, stack(0x0000700008761000,0x0000700008861000)]
  0x00007f8744039800 JavaThread "ForkJoinPool.commonPool-worker-15" daemon [_thread_blocked, id=76035, stack(0x0000700008864000,0x0000700008964000)]
  0x00007f8749f10a00 JavaThread "Java Debug Server" daemon [_thread_in_native, id=55307, stack(0x0000700008e76000,0x0000700008f76000)]
  0x00007f874953dc00 JavaThread "RxSchedulerPurge-1" daemon [_thread_blocked, id=56079, stack(0x000070000907c000,0x000070000917c000)]
  0x00007f8749017600 JavaThread "RxCachedWorkerPoolEvictor-1" daemon [_thread_blocked, id=74499, stack(0x000070000917f000,0x000070000927f000)]
  0x00007f873d6f2000 JavaThread "ForkJoinPool.commonPool-worker-16" daemon [_thread_blocked, id=72735, stack(0x00007000069ae000,0x0000700006aae000)]
  0x00007f8749a2f600 JavaThread "ForkJoinPool.commonPool-worker-17" daemon [_thread_blocked, id=54283, stack(0x0000700005e66000,0x0000700005f66000)]
  0x00007f873a922800 JavaThread "Bundle File Closer" daemon [_thread_blocked, id=53555, stack(0x0000700008c70000,0x0000700008d70000)]
  0x00007f8732e10800 JavaThread "Worker-14" [_thread_blocked, id=24087, stack(0x0000700006e16000,0x0000700006f16000)]
  0x00007f8749a47200 JavaThread "ForkJoinPool.commonPool-worker-18" daemon [_thread_blocked, id=49939, stack(0x0000700005b36000,0x0000700005c36000)]
  0x00007f8732075c00 JavaThread "Worker-15" [_thread_blocked, id=54807, stack(0x0000700007c40000,0x0000700007d40000)]
  0x00007f8732cb7600 JavaThread "Worker-16" [_thread_blocked, id=14359, stack(0x000070000814f000,0x000070000824f000)]
  0x00007f8741060a00 JavaThread "Worker-17" [_thread_blocked, id=50731, stack(0x0000700008252000,0x0000700008352000)]
  0x00007f872d045800 JavaThread "Worker-18" [_thread_blocked, id=73999, stack(0x0000700008967000,0x0000700008a67000)]
  0x00007f872d072800 JavaThread "Worker-19" [_thread_blocked, id=54663, stack(0x0000700008f79000,0x0000700009079000)]
  0x00007f872d70f600 JavaThread "Worker-20" [_thread_blocked, id=48687, stack(0x0000700008a6a000,0x0000700008b6a000)]

Other Threads:
  0x00007f873b306a40 VMThread "VM Thread" [stack: 0x0000700004e0c000,0x0000700004f0c000] [id=13571]
  0x00007f873a706230 WatcherThread [stack: 0x0000700005d3c000,0x0000700005e3c000] [id=40707]
=>0x00007f873b304080 GCTaskThread "GC Thread#0" [stack: 0x0000700004d09000,0x0000700004e09000] [id=12035]
  0x00007f873a70bf10 GCTaskThread "GC Thread#1" [stack: 0x000070000616f000,0x000070000626f000] [id=25091]
  0x00007f873a70c380 GCTaskThread "GC Thread#2" [stack: 0x0000700006272000,0x0000700006372000] [id=25603]
  0x00007f873a70c7f0 GCTaskThread "GC Thread#3" [stack: 0x0000700006375000,0x0000700006475000] [id=26115]
  0x00007f873b50b650 GCTaskThread "GC Thread#4" [stack: 0x0000700006478000,0x0000700006578000] [id=26371]
  0x00007f874020cd40 GCTaskThread "GC Thread#5" [stack: 0x000070000657b000,0x000070000667b000] [id=26627]
  0x00007f874020d1b0 GCTaskThread "GC Thread#6" [stack: 0x000070000667e000,0x000070000677e000] [id=38915]
  0x00007f873b119520 GCTaskThread "GC Thread#7" [stack: 0x0000700006f19000,0x0000700007019000] [id=82435]
  0x00007f8740317cc0 GCTaskThread "GC Thread#8" [stack: 0x000070000701c000,0x000070000711c000] [id=47619]
  0x00007f8740318130 GCTaskThread "GC Thread#9" [stack: 0x000070000711f000,0x000070000721f000] [id=47875]
  0x00007f87403185a0 GCTaskThread "GC Thread#10" [stack: 0x0000700007222000,0x0000700007322000] [id=48131]
  0x00007f8740318a10 GCTaskThread "GC Thread#11" [stack: 0x0000700007325000,0x0000700007425000] [id=81155]
  0x00007f873b2357c0 GCTaskThread "GC Thread#12" [stack: 0x000070000762e000,0x000070000772e000] [id=80131]

Threads with active compile tasks:

VM state: at safepoint (normal execution)

VM Mutex/Monitor currently owned by a thread:  ([mutex/lock_event])
[0x0000600001229080] Threads_lock - owner thread: 0x00007f873b306a40
[0x0000600001229600] Heap_lock - owner thread: 0x00007f8749010200

Heap address: 0x00000007c0000000, size: 1024 MB, Compressed Oops mode: Zero based, Oop shift amount: 3

CDS archive(s) mapped at: [0x0000000800000000-0x0000000800bd2000-0x0000000800bd2000), size 12394496, SharedBaseAddress: 0x0000000800000000, ArchiveRelocationMode: 0.
Compressed class space mapped at: 0x0000000800c00000-0x0000000840c00000, reserved size: 1073741824
Narrow klass base: 0x0000000800000000, Narrow klass shift: 0, Narrow klass range: 0x100000000

GC Precious Log:
 CPUs: 16 total, 16 available
 Memory: 16384M
 Large Page Support: Disabled
 NUMA Support: Disabled
 Compressed Oops: Enabled (Zero based)
 Alignments: Space 512K, Generation 512K, Heap 2M
 Heap Min Capacity: 100M
 Heap Initial Capacity: 100M
 Heap Max Capacity: 1G
 Pre-touch: Disabled
 Parallel Workers: 13

Heap:
 PSYoungGen      total 5632K, used 1440K [0x00000007eab00000, 0x00000007eb280000, 0x0000000800000000)
  eden space 4096K, 0% used [0x00000007eab00000,0x00000007eab00000,0x00000007eaf00000)
  from space 1536K, 93% used [0x00000007eb100000,0x00000007eb268000,0x00000007eb280000)
  to   space 1536K, 0% used [0x00000007eaf80000,0x00000007eaf80000,0x00000007eb100000)
 ParOldGen       total 321536K, used 321154K [0x00000007c0000000, 0x00000007d3a00000, 0x00000007eab00000)
  object space 321536K, 99% used [0x00000007c0000000,0x00000007d39a08f8,0x00000007d3a00000)
 Metaspace       used 80868K, committed 81920K, reserved 1122304K
  class space    used 9340K, committed 9792K, reserved 1048576K

Card table byte_map: [0x0000000104e12000,0x0000000105013000] _byte_map_base: 0x0000000101012000

Marking Bits: (ParMarkBitMap*) 0x0000000106a25240
 Begin Bits: [0x000000011de69000, 0x000000011ee69000)
 End Bits:   [0x000000011ee69000, 0x000000011fe69000)

Polling page: 0x0000000104b92000

Metaspace:

Usage:
  Non-class:     69.85 MB used.
      Class:      9.12 MB used.
       Both:     78.97 MB used.

Virtual space:
  Non-class space:       72.00 MB reserved,      70.44 MB ( 98%) committed,  9 nodes.
      Class space:        1.00 GB reserved,       9.56 MB ( <1%) committed,  1 nodes.
             Both:        1.07 GB reserved,      80.00 MB (  7%) committed. 

Chunk freelists:
   Non-Class:  752.00 KB
       Class:  2.32 MB
        Both:  3.05 MB

MaxMetaspaceSize: unlimited
CompressedClassSpaceSize: 1.00 GB
Initial GC threshold: 21.00 MB
Current GC threshold: 133.12 MB
CDS: on
MetaspaceReclaimPolicy: balanced
 - commit_granule_bytes: 65536.
 - commit_granule_words: 8192.
 - virtual_space_node_default_size: 1048576.
 - enlarge_chunks_in_place: 1.
 - new_chunks_are_fully_committed: 0.
 - uncommit_free_chunks: 1.
 - use_allocation_guard: 0.
 - handle_deallocations: 1.


Internal statistics:

num_allocs_failed_limit: 6.
num_arena_births: 774.
num_arena_deaths: 0.
num_vsnodes_births: 10.
num_vsnodes_deaths: 0.
num_space_committed: 1280.
num_space_uncommitted: 0.
num_chunks_returned_to_freelist: 6.
num_chunks_taken_from_freelist: 4292.
num_chunk_merges: 6.
num_chunk_splits: 2816.
num_chunks_enlarged: 1766.
num_purges: 0.
num_inconsistent_stats: 0.

CodeHeap 'non-profiled nmethods': size=119168Kb used=14111Kb max_used=14257Kb free=105056Kb
 bounds [0x0000000116a09000, 0x00000001177f9000, 0x000000011de69000]
CodeHeap 'profiled nmethods': size=119164Kb used=28156Kb max_used=29335Kb free=91007Kb
 bounds [0x000000010f5aa000, 0x000000011125a000, 0x0000000116a09000]
CodeHeap 'non-nmethods': size=7428Kb used=1386Kb max_used=3265Kb free=6041Kb
 bounds [0x000000010ee69000, 0x000000010f229000, 0x000000010f5aa000]
 total_blobs=13911 nmethods=13175 adapters=646
 compilation: enabled
              stopped_count=0, restarted_count=0
 full_count=0

Compilation events (20 events):
Event: 481.863 Thread 0x00007f872f55fe00 18051       4       org.eclipse.jdt.internal.compiler.lookup.Scope::substitute (9 bytes)
Event: 481.864 Thread 0x00007f872f55fe00 nmethod 18051 0x0000000117275710 code [0x00000001172758a0, 0x0000000117275968]
Event: 481.864 Thread 0x00007f8740808600 nmethod 18059 0x00000001100d7410 code [0x00000001100d77c0, 0x00000001100d9130]
Event: 481.868 Thread 0x00007f873c010200 nmethod 18046 0x0000000117109f90 code [0x000000011710a1c0, 0x000000011710bc78]
Event: 481.897 Thread 0x00007f8740808600 18060 % !   3       org.eclipse.jdt.internal.core.index.Index::getMetaIndexQualifications @ 85 (141 bytes)
Event: 481.897 Thread 0x00007f872f55fe00 18061       4       org.eclipse.jdt.internal.core.index.MemoryIndex::addIndexEntry (118 bytes)
Event: 481.898 Thread 0x00007f8740808600 nmethod 18060% 0x0000000110c5e710 code [0x0000000110c5e9e0, 0x0000000110c5fd30]
Event: 481.907 Thread 0x00007f873c010200 18062       4       java.util.TimSort::mergeLo (659 bytes)
Event: 481.913 Thread 0x00007f8740808600 18063       3       org.eclipse.jdt.internal.compiler.lookup.Scope$Substitutor::isMemberTypeOfRaw (32 bytes)
Event: 481.913 Thread 0x00007f8740808600 nmethod 18063 0x0000000110115910 code [0x0000000110115b00, 0x0000000110116180]
Event: 481.928 Thread 0x00007f872f55fe00 nmethod 18061 0x0000000117534b90 code [0x0000000117534e00, 0x0000000117536950]
Event: 481.928 Thread 0x00007f872f55fe00 18064       4       org.eclipse.jdt.internal.compiler.lookup.BoundSet$ThreeSets::hasDependency (46 bytes)
Event: 481.936 Thread 0x00007f872f55fe00 nmethod 18064 0x0000000116ed9a90 code [0x0000000116ed9c80, 0x0000000116eda390]
Event: 481.938 Thread 0x00007f873c010200 nmethod 18062 0x0000000117531e10 code [0x0000000117532040, 0x0000000117533bf8]
Event: 482.062 Thread 0x00007f872f55fe00 18065  s    4       org.eclipse.jdt.core.dom.DefaultBindingResolver::getVariableBinding (230 bytes)
Event: 482.067 Thread 0x00007f872f55fe00 nmethod 18065 0x0000000117530e10 code [0x0000000117530fe0, 0x00000001175317b8]
Event: 485.900 Thread 0x00007f8740808600 18066       3       org.eclipse.lsp4j.jsonrpc.messages.RequestMessage::<init> (5 bytes)
Event: 485.901 Thread 0x00007f8740808600 nmethod 18066 0x000000010fef9890 code [0x000000010fef9a40, 0x000000010fef9c90]
Event: 485.904 Thread 0x00007f8740808600 18067       3       org.eclipse.jdt.internal.core.SearchableEnvironment::getExternalAnnotationPath (32 bytes)
Event: 485.906 Thread 0x00007f8740808600 nmethod 18067 0x0000000110396390 code [0x0000000110396560, 0x00000001103968b0]

GC Heap History (20 events):
Event: 481.857 GC heap after
{Heap after GC invocations=1567 (full 36):
 PSYoungGen      total 5632K, used 1530K [0x00000007eab00000, 0x00000007eb400000, 0x0000000800000000)
  eden space 4096K, 0% used [0x00000007eab00000,0x00000007eab00000,0x00000007eaf00000)
  from space 1536K, 99% used [0x00000007eaf80000,0x00000007eb0fe900,0x00000007eb100000)
  to   space 2560K, 0% used [0x00000007eb180000,0x00000007eb180000,0x00000007eb400000)
 ParOldGen       total 321024K, used 315927K [0x00000007c0000000, 0x00000007d3980000, 0x00000007eab00000)
  object space 321024K, 98% used [0x00000007c0000000,0x00000007d3485dc8,0x00000007d3980000)
 Metaspace       used 80852K, committed 81856K, reserved 1122304K
  class space    used 9340K, committed 9792K, reserved 1048576K
}
Event: 481.865 GC heap before
{Heap before GC invocations=1568 (full 36):
 PSYoungGen      total 5632K, used 5626K [0x00000007eab00000, 0x00000007eb400000, 0x0000000800000000)
  eden space 4096K, 100% used [0x00000007eab00000,0x00000007eaf00000,0x00000007eaf00000)
  from space 1536K, 99% used [0x00000007eaf80000,0x00000007eb0fe900,0x00000007eb100000)
  to   space 2560K, 0% used [0x00000007eb180000,0x00000007eb180000,0x00000007eb400000)
 ParOldGen       total 321024K, used 315927K [0x00000007c0000000, 0x00000007d3980000, 0x00000007eab00000)
  object space 321024K, 98% used [0x00000007c0000000,0x00000007d3485dc8,0x00000007d3980000)
 Metaspace       used 80868K, committed 81920K, reserved 1122304K
  class space    used 9340K, committed 9792K, reserved 1048576K
}
Event: 481.866 GC heap after
{Heap after GC invocations=1568 (full 36):
 PSYoungGen      total 5120K, used 778K [0x00000007eab00000, 0x00000007eb280000, 0x0000000800000000)
  eden space 4096K, 0% used [0x00000007eab00000,0x00000007eab00000,0x00000007eaf00000)
  from space 1024K, 76% used [0x00000007eb180000,0x00000007eb242910,0x00000007eb280000)
  to   space 1536K, 0% used [0x00000007eaf80000,0x00000007eaf80000,0x00000007eb100000)
 ParOldGen       total 321024K, used 316437K [0x00000007c0000000, 0x00000007d3980000, 0x00000007eab00000)
  object space 321024K, 98% used [0x00000007c0000000,0x00000007d3505548,0x00000007d3980000)
 Metaspace       used 80868K, committed 81920K, reserved 1122304K
  class space    used 9340K, committed 9792K, reserved 1048576K
}
Event: 481.876 GC heap before
{Heap before GC invocations=1569 (full 36):
 PSYoungGen      total 5120K, used 4874K [0x00000007eab00000, 0x00000007eb280000, 0x0000000800000000)
  eden space 4096K, 100% used [0x00000007eab00000,0x00000007eaf00000,0x00000007eaf00000)
  from space 1024K, 76% used [0x00000007eb180000,0x00000007eb242910,0x00000007eb280000)
  to   space 1536K, 0% used [0x00000007eaf80000,0x00000007eaf80000,0x00000007eb100000)
 ParOldGen       total 321024K, used 316437K [0x00000007c0000000, 0x00000007d3980000, 0x00000007eab00000)
  object space 321024K, 98% used [0x00000007c0000000,0x00000007d3505548,0x00000007d3980000)
 Metaspace       used 80868K, committed 81920K, reserved 1122304K
  class space    used 9340K, committed 9792K, reserved 1048576K
}
Event: 481.877 GC heap after
{Heap after GC invocations=1569 (full 36):
 PSYoungGen      total 5632K, used 1524K [0x00000007eab00000, 0x00000007eb400000, 0x0000000800000000)
  eden space 4096K, 0% used [0x00000007eab00000,0x00000007eab00000,0x00000007eaf00000)
  from space 1536K, 99% used [0x00000007eaf80000,0x00000007eb0fd200,0x00000007eb100000)
  to   space 2560K, 0% used [0x00000007eb180000,0x00000007eb180000,0x00000007eb400000)
 ParOldGen       total 321024K, used 316998K [0x00000007c0000000, 0x00000007d3980000, 0x00000007eab00000)
  object space 321024K, 98% used [0x00000007c0000000,0x00000007d3591930,0x00000007d3980000)
 Metaspace       used 80868K, committed 81920K, reserved 1122304K
  class space    used 9340K, committed 9792K, reserved 1048576K
}
Event: 481.886 GC heap before
{Heap before GC invocations=1570 (full 36):
 PSYoungGen      total 5632K, used 5620K [0x00000007eab00000, 0x00000007eb400000, 0x0000000800000000)
  eden space 4096K, 100% used [0x00000007eab00000,0x00000007eaf00000,0x00000007eaf00000)
  from space 1536K, 99% used [0x00000007eaf80000,0x00000007eb0fd200,0x00000007eb100000)
  to   space 2560K, 0% used [0x00000007eb180000,0x00000007eb180000,0x00000007eb400000)
 ParOldGen       total 321024K, used 316998K [0x00000007c0000000, 0x00000007d3980000, 0x00000007eab00000)
  object space 321024K, 98% used [0x00000007c0000000,0x00000007d3591930,0x00000007d3980000)
 Metaspace       used 80868K, committed 81920K, reserved 1122304K
  class space    used 9340K, committed 9792K, reserved 1048576K
}
Event: 481.887 GC heap after
{Heap after GC invocations=1570 (full 36):
 PSYoungGen      total 5120K, used 634K [0x00000007eab00000, 0x00000007eb280000, 0x0000000800000000)
  eden space 4096K, 0% used [0x00000007eab00000,0x00000007eab00000,0x00000007eaf00000)
  from space 1024K, 61% used [0x00000007eb180000,0x00000007eb21e900,0x00000007eb280000)
  to   space 1536K, 0% used [0x00000007eaf80000,0x00000007eaf80000,0x00000007eb100000)
 ParOldGen       total 321024K, used 317632K [0x00000007c0000000, 0x00000007d3980000, 0x00000007eab00000)
  object space 321024K, 98% used [0x00000007c0000000,0x00000007d36300c0,0x00000007d3980000)
 Metaspace       used 80868K, committed 81920K, reserved 1122304K
  class space    used 9340K, committed 9792K, reserved 1048576K
}
Event: 481.894 GC heap before
{Heap before GC invocations=1571 (full 36):
 PSYoungGen      total 5120K, used 4730K [0x00000007eab00000, 0x00000007eb280000, 0x0000000800000000)
  eden space 4096K, 100% used [0x00000007eab00000,0x00000007eaf00000,0x00000007eaf00000)
  from space 1024K, 61% used [0x00000007eb180000,0x00000007eb21e900,0x00000007eb280000)
  to   space 1536K, 0% used [0x00000007eaf80000,0x00000007eaf80000,0x00000007eb100000)
 ParOldGen       total 321024K, used 317632K [0x00000007c0000000, 0x00000007d3980000, 0x00000007eab00000)
  object space 321024K, 98% used [0x00000007c0000000,0x00000007d36300c0,0x00000007d3980000)
 Metaspace       used 80868K, committed 81920K, reserved 1122304K
  class space    used 9340K, committed 9792K, reserved 1048576K
}
Event: 481.895 GC heap after
{Heap after GC invocations=1571 (full 36):
 PSYoungGen      total 5632K, used 1440K [0x00000007eab00000, 0x00000007eb300000, 0x0000000800000000)
  eden space 4096K, 0% used [0x00000007eab00000,0x00000007eab00000,0x00000007eaf00000)
  from space 1536K, 93% used [0x00000007eaf80000,0x00000007eb0e8000,0x00000007eb100000)
  to   space 2048K, 0% used [0x00000007eb100000,0x00000007eb100000,0x00000007eb300000)
 ParOldGen       total 321024K, used 318116K [0x00000007c0000000, 0x00000007d3980000, 0x00000007eab00000)
  object space 321024K, 99% used [0x00000007c0000000,0x00000007d36a92e0,0x00000007d3980000)
 Metaspace       used 80868K, committed 81920K, reserved 1122304K
  class space    used 9340K, committed 9792K, reserved 1048576K
}
Event: 481.902 GC heap before
{Heap before GC invocations=1572 (full 36):
 PSYoungGen      total 5632K, used 5536K [0x00000007eab00000, 0x00000007eb300000, 0x0000000800000000)
  eden space 4096K, 100% used [0x00000007eab00000,0x00000007eaf00000,0x00000007eaf00000)
  from space 1536K, 93% used [0x00000007eaf80000,0x00000007eb0e8000,0x00000007eb100000)
  to   space 2048K, 0% used [0x00000007eb100000,0x00000007eb100000,0x00000007eb300000)
 ParOldGen       total 321024K, used 318116K [0x00000007c0000000, 0x00000007d3980000, 0x00000007eab00000)
  object space 321024K, 99% used [0x00000007c0000000,0x00000007d36a92e0,0x00000007d3980000)
 Metaspace       used 80868K, committed 81920K, reserved 1122304K
  class space    used 9340K, committed 9792K, reserved 1048576K
}
Event: 481.903 GC heap after
{Heap after GC invocations=1572 (full 36):
 PSYoungGen      total 6144K, used 1578K [0x00000007eab00000, 0x00000007eb300000, 0x0000000800000000)
  eden space 4096K, 0% used [0x00000007eab00000,0x00000007eab00000,0x00000007eaf00000)
  from space 2048K, 77% used [0x00000007eb100000,0x00000007eb28a910,0x00000007eb300000)
  to   space 2048K, 0% used [0x00000007eaf00000,0x00000007eaf00000,0x00000007eb100000)
 ParOldGen       total 321024K, used 319409K [0x00000007c0000000, 0x00000007d3980000, 0x00000007eab00000)
  object space 321024K, 99% used [0x00000007c0000000,0x00000007d37ec4c8,0x00000007d3980000)
 Metaspace       used 80868K, committed 81920K, reserved 1122304K
  class space    used 9340K, committed 9792K, reserved 1048576K
}
Event: 481.910 GC heap before
{Heap before GC invocations=1573 (full 36):
 PSYoungGen      total 6144K, used 5674K [0x00000007eab00000, 0x00000007eb300000, 0x0000000800000000)
  eden space 4096K, 100% used [0x00000007eab00000,0x00000007eaf00000,0x00000007eaf00000)
  from space 2048K, 77% used [0x00000007eb100000,0x00000007eb28a910,0x00000007eb300000)
  to   space 2048K, 0% used [0x00000007eaf00000,0x00000007eaf00000,0x00000007eb100000)
 ParOldGen       total 321024K, used 319409K [0x00000007c0000000, 0x00000007d3980000, 0x00000007eab00000)
  object space 321024K, 99% used [0x00000007c0000000,0x00000007d37ec4c8,0x00000007d3980000)
 Metaspace       used 80868K, committed 81920K, reserved 1122304K
  class space    used 9340K, committed 9792K, reserved 1048576K
}
Event: 481.911 GC heap after
{Heap after GC invocations=1573 (full 36):
 PSYoungGen      total 5120K, used 868K [0x00000007eab00000, 0x00000007eb200000, 0x0000000800000000)
  eden space 4096K, 0% used [0x00000007eab00000,0x00000007eab00000,0x00000007eaf00000)
  from space 1024K, 84% used [0x00000007eaf00000,0x00000007eafd9210,0x00000007eb000000)
  to   space 1536K, 0% used [0x00000007eb080000,0x00000007eb080000,0x00000007eb200000)
 ParOldGen       total 321024K, used 319746K [0x00000007c0000000, 0x00000007d3980000, 0x00000007eab00000)
  object space 321024K, 99% used [0x00000007c0000000,0x00000007d38408a8,0x00000007d3980000)
 Metaspace       used 80868K, committed 81920K, reserved 1122304K
  class space    used 9340K, committed 9792K, reserved 1048576K
}
Event: 485.901 GC heap before
{Heap before GC invocations=1574 (full 36):
 PSYoungGen      total 5120K, used 4964K [0x00000007eab00000, 0x00000007eb200000, 0x0000000800000000)
  eden space 4096K, 100% used [0x00000007eab00000,0x00000007eaf00000,0x00000007eaf00000)
  from space 1024K, 84% used [0x00000007eaf00000,0x00000007eafd9210,0x00000007eb000000)
  to   space 1536K, 0% used [0x00000007eb080000,0x00000007eb080000,0x00000007eb200000)
 ParOldGen       total 321024K, used 319746K [0x00000007c0000000, 0x00000007d3980000, 0x00000007eab00000)
  object space 321024K, 99% used [0x00000007c0000000,0x00000007d38408a8,0x00000007d3980000)
 Metaspace       used 80868K, committed 81920K, reserved 1122304K
  class space    used 9340K, committed 9792K, reserved 1048576K
}
Event: 485.902 GC heap after
{Heap after GC invocations=1574 (full 36):
 PSYoungGen      total 4608K, used 256K [0x00000007eab00000, 0x00000007eb100000, 0x0000000800000000)
  eden space 4096K, 0% used [0x00000007eab00000,0x00000007eab00000,0x00000007eaf00000)
  from space 512K, 50% used [0x00000007eb080000,0x00000007eb0c0000,0x00000007eb100000)
  to   space 1024K, 0% used [0x00000007eaf00000,0x00000007eaf00000,0x00000007eb000000)
 ParOldGen       total 321024K, used 319754K [0x00000007c0000000, 0x00000007d3980000, 0x00000007eab00000)
  object space 321024K, 99% used [0x00000007c0000000,0x00000007d38428a8,0x00000007d3980000)
 Metaspace       used 80868K, committed 81920K, reserved 1122304K
  class space    used 9340K, committed 9792K, reserved 1048576K
}
Event: 485.905 GC heap before
{Heap before GC invocations=1575 (full 36):
 PSYoungGen      total 4608K, used 4352K [0x00000007eab00000, 0x00000007eb100000, 0x0000000800000000)
  eden space 4096K, 100% used [0x00000007eab00000,0x00000007eaf00000,0x00000007eaf00000)
  from space 512K, 50% used [0x00000007eb080000,0x00000007eb0c0000,0x00000007eb100000)
  to   space 1024K, 0% used [0x00000007eaf00000,0x00000007eaf00000,0x00000007eb000000)
 ParOldGen       total 321024K, used 319754K [0x00000007c0000000, 0x00000007d3980000, 0x00000007eab00000)
  object space 321024K, 99% used [0x00000007c0000000,0x00000007d38428a8,0x00000007d3980000)
 Metaspace       used 80868K, committed 81920K, reserved 1122304K
  class space    used 9340K, committed 9792K, reserved 1048576K
}
Event: 485.906 GC heap after
{Heap after GC invocations=1575 (full 36):
 PSYoungGen      total 5120K, used 1017K [0x00000007eab00000, 0x00000007eb300000, 0x0000000800000000)
  eden space 4096K, 0% used [0x00000007eab00000,0x00000007eab00000,0x00000007eaf00000)
  from space 1024K, 99% used [0x00000007eaf00000,0x00000007eaffe410,0x00000007eb000000)
  to   space 2048K, 0% used [0x00000007eb100000,0x00000007eb100000,0x00000007eb300000)
 ParOldGen       total 321024K, used 320114K [0x00000007c0000000, 0x00000007d3980000, 0x00000007eab00000)
  object space 321024K, 99% used [0x00000007c0000000,0x00000007d389c8c8,0x00000007d3980000)
 Metaspace       used 80868K, committed 81920K, reserved 1122304K
  class space    used 9340K, committed 9792K, reserved 1048576K
}
Event: 485.910 GC heap before
{Heap before GC invocations=1576 (full 36):
 PSYoungGen      total 5120K, used 5113K [0x00000007eab00000, 0x00000007eb300000, 0x0000000800000000)
  eden space 4096K, 100% used [0x00000007eab00000,0x00000007eaf00000,0x00000007eaf00000)
  from space 1024K, 99% used [0x00000007eaf00000,0x00000007eaffe410,0x00000007eb000000)
  to   space 2048K, 0% used [0x00000007eb100000,0x00000007eb100000,0x00000007eb300000)
 ParOldGen       total 321024K, used 320114K [0x00000007c0000000, 0x00000007d3980000, 0x00000007eab00000)
  object space 321024K, 99% used [0x00000007c0000000,0x00000007d389c8c8,0x00000007d3980000)
 Metaspace       used 80868K, committed 81920K, reserved 1122304K
  class space    used 9340K, committed 9792K, reserved 1048576K
}
Event: 485.912 GC heap after
{Heap after GC invocations=1576 (full 36):
 PSYoungGen      total 5632K, used 1440K [0x00000007eab00000, 0x00000007eb280000, 0x0000000800000000)
  eden space 4096K, 0% used [0x00000007eab00000,0x00000007eab00000,0x00000007eaf00000)
  from space 1536K, 93% used [0x00000007eb100000,0x00000007eb268000,0x00000007eb280000)
  to   space 1536K, 0% used [0x00000007eaf80000,0x00000007eaf80000,0x00000007eb100000)
 ParOldGen       total 321536K, used 321154K [0x00000007c0000000, 0x00000007d3a00000, 0x00000007eab00000)
  object space 321536K, 99% used [0x00000007c0000000,0x00000007d39a08f8,0x00000007d3a00000)
 Metaspace       used 80868K, committed 81920K, reserved 1122304K
  class space    used 9340K, committed 9792K, reserved 1048576K
}
Event: 485.912 GC heap before
{Heap before GC invocations=1577 (full 37):
 PSYoungGen      total 5632K, used 1440K [0x00000007eab00000, 0x00000007eb280000, 0x0000000800000000)
  eden space 4096K, 0% used [0x00000007eab00000,0x00000007eab00000,0x00000007eaf00000)
  from space 1536K, 93% used [0x00000007eb100000,0x00000007eb268000,0x00000007eb280000)
  to   space 1536K, 0% used [0x00000007eaf80000,0x00000007eaf80000,0x00000007eb100000)
 ParOldGen       total 321536K, used 321154K [0x00000007c0000000, 0x00000007d3a00000, 0x00000007eab00000)
  object space 321536K, 99% used [0x00000007c0000000,0x00000007d39a08f8,0x00000007d3a00000)
 Metaspace       used 80868K, committed 81920K, reserved 1122304K
  class space    used 9340K, committed 9792K, reserved 1048576K
}

Deoptimization events (20 events):
Event: 481.309 Thread 0x00007f8731009800 Uncommon trap: trap_request=0xffffff76 fr.pc=0x0000000117715e6c relative=0x000000000000124c
Event: 481.309 Thread 0x00007f8731009800 Uncommon trap: reason=predicate action=maybe_recompile pc=0x0000000117715e6c method=java.util.TimSort.mergeLo(IIII)V @ 153 c2
Event: 481.309 Thread 0x00007f8731009800 DEOPT PACKING pc=0x0000000117715e6c sp=0x0000700008c6c0d0
Event: 481.309 Thread 0x00007f8731009800 DEOPT UNPACKING pc=0x000000010eebad99 sp=0x0000700008c6c0a8 mode 2
Event: 481.869 Thread 0x00007f872d072800 Uncommon trap: trap_request=0xffffffd6 fr.pc=0x000000011710b370 relative=0x00000000000011b0
Event: 481.869 Thread 0x00007f872d072800 Uncommon trap: reason=array_check action=maybe_recompile pc=0x000000011710b370 method=java.util.TimSort.mergeLo(IIII)V @ 212 c2
Event: 481.869 Thread 0x00007f872d072800 DEOPT PACKING pc=0x000000011710b370 sp=0x0000700009077a10
Event: 481.869 Thread 0x00007f872d072800 DEOPT UNPACKING pc=0x000000010eebad99 sp=0x00007000090779d0 mode 2
Event: 481.875 Thread 0x00007f872d072800 Uncommon trap: trap_request=0xffffffd6 fr.pc=0x000000011710b370 relative=0x00000000000011b0
Event: 481.875 Thread 0x00007f872d072800 Uncommon trap: reason=array_check action=maybe_recompile pc=0x000000011710b370 method=java.util.TimSort.mergeLo(IIII)V @ 212 c2
Event: 481.875 Thread 0x00007f872d072800 DEOPT PACKING pc=0x000000011710b370 sp=0x0000700009077860
Event: 481.875 Thread 0x00007f872d072800 DEOPT UNPACKING pc=0x000000010eebad99 sp=0x0000700009077820 mode 2
Event: 485.908 Thread 0x00007f8749010200 Uncommon trap: trap_request=0xffffffd6 fr.pc=0x0000000117533338 relative=0x00000000000012f8
Event: 485.908 Thread 0x00007f8749010200 Uncommon trap: reason=array_check action=maybe_recompile pc=0x0000000117533338 method=java.util.TimSort.mergeLo(IIII)V @ 245 c2
Event: 485.908 Thread 0x00007f8749010200 DEOPT PACKING pc=0x0000000117533338 sp=0x0000700005b314b0
Event: 485.908 Thread 0x00007f8749010200 DEOPT UNPACKING pc=0x000000010eebad99 sp=0x0000700005b31480 mode 2
Event: 485.909 Thread 0x00007f874134ea00 Uncommon trap: trap_request=0xffffffd6 fr.pc=0x0000000117533338 relative=0x00000000000012f8
Event: 485.909 Thread 0x00007f874134ea00 Uncommon trap: reason=array_check action=maybe_recompile pc=0x0000000117533338 method=java.util.TimSort.mergeLo(IIII)V @ 245 c2
Event: 485.909 Thread 0x00007f874134ea00 DEOPT PACKING pc=0x0000000117533338 sp=0x0000700005213370
Event: 485.909 Thread 0x00007f874134ea00 DEOPT UNPACKING pc=0x000000010eebad99 sp=0x0000700005213340 mode 2

Classes unloaded (0 events):
No events

Classes redefined (0 events):
No events

Internal exceptions (20 events):
Event: 418.903 Thread 0x00007f8741121800 Exception <a 'sun/nio/fs/UnixException'{0x00000007eaca5760}> (0x00000007eaca5760) 
thrown [src/hotspot/share/prims/jni.cpp, line 516]
Event: 419.132 Thread 0x00007f8741121800 Exception <a 'sun/nio/fs/UnixException'{0x00000007eb178940}> (0x00000007eb178940) 
thrown [src/hotspot/share/prims/jni.cpp, line 516]
Event: 436.965 Thread 0x00007f8741121800 Exception <a 'sun/nio/fs/UnixException'{0x00000007eb109c10}> (0x00000007eb109c10) 
thrown [src/hotspot/share/prims/jni.cpp, line 516]
Event: 437.146 Thread 0x00007f8732075c00 Exception <a 'sun/nio/fs/UnixException'{0x00000007eb015068}> (0x00000007eb015068) 
thrown [src/hotspot/share/prims/jni.cpp, line 516]
Event: 437.151 Thread 0x00007f8741121800 Exception <a 'sun/nio/fs/UnixException'{0x00000007eb04cb48}> (0x00000007eb04cb48) 
thrown [src/hotspot/share/prims/jni.cpp, line 516]
Event: 446.932 Thread 0x00007f8741121800 Exception <a 'sun/nio/fs/UnixException'{0x00000007eb274320}> (0x00000007eb274320) 
thrown [src/hotspot/share/prims/jni.cpp, line 516]
Event: 447.197 Thread 0x00007f8741121800 Exception <a 'sun/nio/fs/UnixException'{0x00000007eaea6b90}> (0x00000007eaea6b90) 
thrown [src/hotspot/share/prims/jni.cpp, line 516]
Event: 452.615 Thread 0x00007f8741121800 Exception <a 'sun/nio/fs/UnixException'{0x00000007eaeb89d8}> (0x00000007eaeb89d8) 
thrown [src/hotspot/share/prims/jni.cpp, line 516]
Event: 452.784 Thread 0x00007f873c082400 Exception <a 'sun/nio/fs/UnixException'{0x00000007ead4d4f0}> (0x00000007ead4d4f0) 
thrown [src/hotspot/share/prims/jni.cpp, line 516]
Event: 452.822 Thread 0x00007f8741121800 Exception <a 'sun/nio/fs/UnixException'{0x00000007eac3ed60}> (0x00000007eac3ed60) 
thrown [src/hotspot/share/prims/jni.cpp, line 516]
Event: 461.829 Thread 0x00007f8741121800 Exception <a 'sun/nio/fs/UnixException'{0x00000007ead27358}> (0x00000007ead27358) 
thrown [src/hotspot/share/prims/jni.cpp, line 516]
Event: 462.042 Thread 0x00007f8741121800 Exception <a 'sun/nio/fs/UnixException'{0x00000007eab63e28}> (0x00000007eab63e28) 
thrown [src/hotspot/share/prims/jni.cpp, line 516]
Event: 466.524 Thread 0x00007f8741121800 Exception <a 'sun/nio/fs/UnixException'{0x00000007ead648c8}> (0x00000007ead648c8) 
thrown [src/hotspot/share/prims/jni.cpp, line 516]
Event: 466.704 Thread 0x00007f8732e10800 Exception <a 'sun/nio/fs/UnixException'{0x00000007eac33f20}> (0x00000007eac33f20) 
thrown [src/hotspot/share/prims/jni.cpp, line 516]
Event: 466.726 Thread 0x00007f8741121800 Exception <a 'sun/nio/fs/UnixException'{0x00000007eab04a08}> (0x00000007eab04a08) 
thrown [src/hotspot/share/prims/jni.cpp, line 516]
Event: 474.579 Thread 0x00007f8741121800 Exception <a 'sun/nio/fs/UnixException'{0x00000007eab30678}> (0x00000007eab30678) 
thrown [src/hotspot/share/prims/jni.cpp, line 516]
Event: 474.800 Thread 0x00007f8741121800 Exception <a 'sun/nio/fs/UnixException'{0x00000007eae53248}> (0x00000007eae53248) 
thrown [src/hotspot/share/prims/jni.cpp, line 516]
Event: 481.150 Thread 0x00007f8741121800 Exception <a 'sun/nio/fs/UnixException'{0x00000007ead95790}> (0x00000007ead95790) 
thrown [src/hotspot/share/prims/jni.cpp, line 516]
Event: 481.313 Thread 0x00007f8732075c00 Exception <a 'sun/nio/fs/UnixException'{0x00000007eaed4bc0}> (0x00000007eaed4bc0) 
thrown [src/hotspot/share/prims/jni.cpp, line 516]
Event: 481.396 Thread 0x00007f8741121800 Exception <a 'sun/nio/fs/UnixException'{0x00000007eabc77b8}> (0x00000007eabc77b8) 
thrown [src/hotspot/share/prims/jni.cpp, line 516]

VM Operations (20 events):
Event: 481.847 Executing VM operation: ParallelGCFailedAllocation done
Event: 481.856 Executing VM operation: ParallelGCFailedAllocation
Event: 481.857 Executing VM operation: ParallelGCFailedAllocation done
Event: 481.865 Executing VM operation: ParallelGCFailedAllocation
Event: 481.866 Executing VM operation: ParallelGCFailedAllocation done
Event: 481.876 Executing VM operation: ParallelGCFailedAllocation
Event: 481.877 Executing VM operation: ParallelGCFailedAllocation done
Event: 481.886 Executing VM operation: ParallelGCFailedAllocation
Event: 481.887 Executing VM operation: ParallelGCFailedAllocation done
Event: 481.894 Executing VM operation: ParallelGCFailedAllocation
Event: 481.895 Executing VM operation: ParallelGCFailedAllocation done
Event: 481.902 Executing VM operation: ParallelGCFailedAllocation
Event: 481.903 Executing VM operation: ParallelGCFailedAllocation done
Event: 481.910 Executing VM operation: ParallelGCFailedAllocation
Event: 481.911 Executing VM operation: ParallelGCFailedAllocation done
Event: 485.901 Executing VM operation: ParallelGCFailedAllocation
Event: 485.902 Executing VM operation: ParallelGCFailedAllocation done
Event: 485.905 Executing VM operation: ParallelGCFailedAllocation
Event: 485.906 Executing VM operation: ParallelGCFailedAllocation done
Event: 485.910 Executing VM operation: ParallelGCFailedAllocation

Events (20 events):
Event: 480.730 Thread 0x00007f8740808c00 flushing nmethod 0x0000000110c63e90
Event: 480.730 Thread 0x00007f8740808c00 flushing nmethod 0x0000000110cb4d10
Event: 480.731 Thread 0x00007f8740808c00 flushing nmethod 0x0000000110cfc490
Event: 480.731 Thread 0x00007f8740808c00 flushing nmethod 0x0000000110dc5f90
Event: 480.732 Thread 0x00007f8740808c00 flushing nmethod 0x0000000110f43310
Event: 480.732 Thread 0x00007f8740808c00 flushing nmethod 0x0000000110f45510
Event: 480.732 Thread 0x00007f8740808c00 flushing nmethod 0x0000000110f63710
Event: 480.732 Thread 0x00007f8740808c00 flushing nmethod 0x0000000110fabc10
Event: 480.732 Thread 0x00007f8740808c00 flushing nmethod 0x0000000110fc1f90
Event: 480.732 Thread 0x00007f8740808c00 flushing nmethod 0x0000000110fc4f10
Event: 480.732 Thread 0x00007f8740808c00 flushing nmethod 0x0000000110ff0010
Event: 480.732 Thread 0x00007f8740808c00 flushing nmethod 0x0000000110ff9610
Event: 481.302 Thread 0x00007f8731009800 Thread added: 0x00007f8731009800
Event: 481.302 Protecting memory [0x0000700008b6d000,0x0000700008b71000] with protection modes 0
Event: 481.312 Protecting memory [0x0000700008b6d000,0x0000700008b71000] with protection modes 3
Event: 481.313 Thread 0x00007f8731009800 Thread exited: 0x00007f8731009800
Event: 481.859 Thread 0x00007f872f55fe00 Thread added: 0x00007f872f55fe00
Event: 481.859 Protecting memory [0x0000700008b6d000,0x0000700008b71000] with protection modes 0
Event: 485.900 Protecting memory [0x0000700008b6d000,0x0000700008b71000] with protection modes 3
Event: 485.900 Thread 0x00007f872f55fe00 Thread exited: 0x00007f872f55fe00


Dynamic libraries:
0x0000000104b66000 	/Library/Java/JavaVirtualMachines/zulu-17.jdk/Contents/Home/lib/libjli.dylib
0x00007ff80e26d000 	/usr/lib/libz.1.dylib
0x00007ff80e34d000 	/usr/lib/libSystem.B.dylib
0x00007ff80e348000 	/usr/lib/system/libcache.dylib
0x00007ff80e304000 	/usr/lib/system/libcommonCrypto.dylib
0x00007ff80e32d000 	/usr/lib/system/libcompiler_rt.dylib
0x00007ff80e323000 	/usr/lib/system/libcopyfile.dylib
0x00007ff8032f8000 	/usr/lib/system/libcorecrypto.dylib
0x00007ff8033b6000 	/usr/lib/system/libdispatch.dylib
0x00007ff80357a000 	/usr/lib/system/libdyld.dylib
0x00007ff80e33f000 	/usr/lib/system/libkeymgr.dylib
0x00007ff80e2e2000 	/usr/lib/system/libmacho.dylib
0x00007ff80d961000 	/usr/lib/system/libquarantine.dylib
0x00007ff80e33d000 	/usr/lib/system/libremovefile.dylib
0x00007ff8084f4000 	/usr/lib/system/libsystem_asl.dylib
0x00007ff8032a1000 	/usr/lib/system/libsystem_blocks.dylib
0x00007ff80343e000 	/usr/lib/system/libsystem_c.dylib
0x00007ff80e335000 	/usr/lib/system/libsystem_collections.dylib
0x00007ff80cc0e000 	/usr/lib/system/libsystem_configuration.dylib
0x00007ff80beba000 	/usr/lib/system/libsystem_containermanager.dylib
0x00007ff80e01b000 	/usr/lib/system/libsystem_coreservices.dylib
0x00007ff805b9d000 	/usr/lib/system/libsystem_darwin.dylib
0x00007ff80e340000 	/usr/lib/system/libsystem_dnssd.dylib
0x00007ff80343b000 	/usr/lib/system/libsystem_featureflags.dylib
0x00007ff803590000 	/usr/lib/system/libsystem_info.dylib
0x00007ff80e280000 	/usr/lib/system/libsystem_m.dylib
0x00007ff80338a000 	/usr/lib/system/libsystem_malloc.dylib
0x00007ff80848f000 	/usr/lib/system/libsystem_networkextension.dylib
0x00007ff805fc3000 	/usr/lib/system/libsystem_notify.dylib
0x00007ff8145ab000 	/usr/lib/system/libsystem_product_info_filter.dylib
0x00007ff80cc12000 	/usr/lib/system/libsystem_sandbox.dylib
0x00007ff80e33a000 	/usr/lib/system/libsystem_secinit.dylib
0x00007ff803536000 	/usr/lib/system/libsystem_kernel.dylib
0x00007ff803586000 	/usr/lib/system/libsystem_platform.dylib
0x00007ff80356e000 	/usr/lib/system/libsystem_pthread.dylib
0x00007ff809d3c000 	/usr/lib/system/libsystem_symptoms.dylib
0x00007ff8032df000 	/usr/lib/system/libsystem_trace.dylib
0x00007ff80e310000 	/usr/lib/system/libunwind.dylib
0x00007ff8032a3000 	/usr/lib/system/libxpc.dylib
0x00007ff803520000 	/usr/lib/libc++abi.dylib
0x00007ff8033fd000 	/usr/lib/libobjc.A.dylib
0x00007ff80e31b000 	/usr/lib/liboah.dylib
0x00007ff8034c7000 	/usr/lib/libc++.1.dylib
0x00007ff81a3a4000 	/System/Library/Frameworks/Cocoa.framework/Versions/A/Cocoa
0x00007ff806021000 	/System/Library/Frameworks/AppKit.framework/Versions/C/AppKit
0x00007ff80952c000 	/System/Library/Frameworks/CoreData.framework/Versions/A/CoreData
0x00007ff80442d000 	/System/Library/Frameworks/Foundation.framework/Versions/C/Foundation
0x00007ff806eaf000 	/System/Library/PrivateFrameworks/UIFoundation.framework/Versions/A/UIFoundation
0x00007ff8142ae000 	/System/Library/PrivateFrameworks/RemoteViewServices.framework/Versions/A/RemoteViewServices
0x00007ff80c598000 	/System/Library/PrivateFrameworks/XCTTargetBootstrap.framework/Versions/A/XCTTargetBootstrap
0x00007ff810154000 	/System/Library/PrivateFrameworks/InternationalSupport.framework/Versions/A/InternationalSupport
0x00007ff8101de000 	/System/Library/PrivateFrameworks/UserActivity.framework/Versions/A/UserActivity
0x00007ff80f534000 	/usr/lib/libspindump.dylib
0x00007ff80713d000 	/System/Library/Frameworks/UniformTypeIdentifiers.framework/Versions/A/UniformTypeIdentifiers
0x00007ff80acc1000 	/usr/lib/libapp_launch_measurement.dylib
0x00007ff809efc000 	/System/Library/PrivateFrameworks/CoreAnalytics.framework/Versions/A/CoreAnalytics
0x00007ff80acc4000 	/System/Library/PrivateFrameworks/CoreAutoLayout.framework/Versions/A/CoreAutoLayout
0x00007ff80bef2000 	/System/Library/Frameworks/Metal.framework/Versions/A/Metal
0x00007ff80cc1e000 	/usr/lib/liblangid.dylib
0x00007ff80c59d000 	/System/Library/PrivateFrameworks/CoreSVG.framework/Versions/A/CoreSVG
0x00007ff808524000 	/System/Library/PrivateFrameworks/SkyLight.framework/Versions/A/SkyLight
0x00007ff8088c2000 	/System/Library/Frameworks/CoreGraphics.framework/Versions/A/CoreGraphics
0x00007ff81496e000 	/System/Library/Frameworks/Accelerate.framework/Versions/A/Accelerate
0x00007ff80efb3000 	/System/Library/PrivateFrameworks/IconServices.framework/Versions/A/IconServices
0x00007ff80bed7000 	/System/Library/Frameworks/IOSurface.framework/Versions/A/IOSurface
0x00007ff809f2a000 	/usr/lib/libDiagnosticMessagesClient.dylib
0x00007ff818051000 	/System/Library/Frameworks/ApplicationServices.framework/Versions/A/ApplicationServices
0x00007ff80c584000 	/System/Library/PrivateFrameworks/DFRFoundation.framework/Versions/A/DFRFoundation
0x00007ff805909000 	/usr/lib/libicucore.A.dylib
0x00007ff810f49000 	/System/Library/Frameworks/AudioToolbox.framework/Versions/A/AudioToolbox
0x00007ff810160000 	/System/Library/PrivateFrameworks/DataDetectorsCore.framework/Versions/A/DataDetectorsCore
0x00007ff90c0ed000 	/System/Library/PrivateFrameworks/TextInput.framework/Versions/A/TextInput
0x00007ff8084a7000 	/usr/lib/libMobileGestalt.dylib
0x00007ff80c290000 	/System/Library/Frameworks/Carbon.framework/Versions/A/Frameworks/HIToolbox.framework/Versions/A/HIToolbox
0x00007ff80a6c7000 	/System/Library/Frameworks/QuartzCore.framework/Versions/A/QuartzCore
0x00007ff8055b0000 	/System/Library/Frameworks/Security.framework/Versions/A/Security
0x00007ff8142e6000 	/System/Library/Frameworks/Carbon.framework/Versions/A/Frameworks/SpeechRecognition.framework/Versions/A/SpeechRecognition
0x00007ff80aa21000 	/System/Library/PrivateFrameworks/CoreUI.framework/Versions/A/CoreUI
0x00007ff804e7c000 	/System/Library/Frameworks/CoreAudio.framework/Versions/A/CoreAudio
0x00007ff80a019000 	/System/Library/Frameworks/DiskArbitration.framework/Versions/A/DiskArbitration
0x00007ff80f922000 	/System/Library/PrivateFrameworks/MultitouchSupport.framework/Versions/A/MultitouchSupport
0x00007ff8084a6000 	/usr/lib/libenergytrace.dylib
0x00007ff805f0d000 	/System/Library/Frameworks/IOKit.framework/Versions/A/IOKit
0x00007ff8146d6000 	/System/Library/Frameworks/CoreServices.framework/Versions/A/CoreServices
0x00007ff80ac5b000 	/System/Library/PrivateFrameworks/PerformanceAnalysis.framework/Versions/A/PerformanceAnalysis
0x00007ffa1b611000 	/System/Library/Frameworks/OpenGL.framework/Versions/A/OpenGL
0x00007ff80d887000 	/System/Library/PrivateFrameworks/MobileKeyBag.framework/Versions/A/MobileKeyBag
0x00007ff808f8d000 	/System/Library/Frameworks/ColorSync.framework/Versions/A/ColorSync
0x00007ff8035bb000 	/System/Library/Frameworks/CoreFoundation.framework/Versions/A/CoreFoundation
0x00007ff80c814000 	/System/Library/Frameworks/CoreImage.framework/Versions/A/CoreImage
0x00007ff804c94000 	/System/Library/Frameworks/CoreText.framework/Versions/A/CoreText
0x00007ff80c5cd000 	/System/Library/Frameworks/ImageIO.framework/Versions/A/ImageIO
0x00007ff80e353000 	/System/Library/PrivateFrameworks/SoftLinking.framework/Versions/A/SoftLinking
0x00007ff80ad0c000 	/usr/lib/libxml2.2.dylib
0x00007ff80e5d7000 	/usr/lib/libcompression.dylib
0x00007ff810087000 	/System/Library/PrivateFrameworks/TextureIO.framework/Versions/A/TextureIO
0x00007ff80ecc5000 	/usr/lib/libate.dylib
0x00007ff80eaa1000 	/usr/lib/liblzma.5.dylib
0x00007ff804140000 	/System/Library/Frameworks/SystemConfiguration.framework/Versions/A/SystemConfiguration
0x00007ff80e34f000 	/usr/lib/libfakelink.dylib
0x00007ff808000000 	/System/Library/Frameworks/CFNetwork.framework/Versions/A/CFNetwork
0x00007ff80e490000 	/usr/lib/libarchive.2.dylib
0x00007ff80cc1a000 	/System/Library/PrivateFrameworks/AppleSystemInfo.framework/Versions/A/AppleSystemInfo
0x00007ff80d988000 	/usr/lib/libbsm.0.dylib
0x00007ff807613000 	/usr/lib/libnetwork.dylib
0x00007ff80e2e8000 	/usr/lib/system/libkxld.dylib
0x00007ff80d5b4000 	/System/Library/PrivateFrameworks/IOMobileFramebuffer.framework/Versions/A/IOMobileFramebuffer
0x00007ffb1ab18000 	/usr/lib/libCoreEntitlements.dylib
0x00007ff80dffd000 	/System/Library/PrivateFrameworks/AppleFSCompression.framework/Versions/A/AppleFSCompression
0x00007ff80d970000 	/usr/lib/libcoretls.dylib
0x00007ff80eabb000 	/usr/lib/libcoretls_cfhelpers.dylib
0x00007ff80e5d2000 	/usr/lib/libpam.2.dylib
0x00007ff80995c000 	/usr/lib/libsqlite3.dylib
0x00007ff80eb2a000 	/usr/lib/libxar.1.dylib
0x00007ff80e00d000 	/usr/lib/libbz2.1.0.dylib
0x00007ff80e354000 	/usr/lib/libpcap.A.dylib
0x00007ff809d34000 	/usr/lib/libdns_services.dylib
0x00007ff80e5a2000 	/usr/lib/libapple_nghttp2.dylib
0x00007ff80e38e000 	/usr/lib/libiconv.2.dylib
0x00007ff80e2e1000 	/usr/lib/libcharset.1.dylib
0x00007ff80ac8f000 	/System/Library/Frameworks/CoreServices.framework/Versions/A/Frameworks/FSEvents.framework/Versions/A/FSEvents
0x00007ff805ba7000 	/System/Library/Frameworks/CoreServices.framework/Versions/A/Frameworks/CarbonCore.framework/Versions/A/CarbonCore
0x00007ff809f7d000 	/System/Library/Frameworks/CoreServices.framework/Versions/A/Frameworks/Metadata.framework/Versions/A/Metadata
0x00007ff80e020000 	/System/Library/Frameworks/CoreServices.framework/Versions/A/Frameworks/OSServices.framework/Versions/A/OSServices
0x00007ff80e517000 	/System/Library/Frameworks/CoreServices.framework/Versions/A/Frameworks/SearchKit.framework/Versions/A/SearchKit
0x00007ff809cc7000 	/System/Library/Frameworks/CoreServices.framework/Versions/A/Frameworks/AE.framework/Versions/A/AE
0x00007ff803abd000 	/System/Library/Frameworks/CoreServices.framework/Versions/A/Frameworks/LaunchServices.framework/Versions/A/LaunchServices
0x00007ff80ea52000 	/System/Library/Frameworks/CoreServices.framework/Versions/A/Frameworks/DictionaryServices.framework/Versions/A/DictionaryServices
0x00007ff80ac9c000 	/System/Library/Frameworks/CoreServices.framework/Versions/A/Frameworks/SharedFileList.framework/Versions/A/SharedFileList
0x00007ff80d964000 	/usr/lib/libCheckFix.dylib
0x00007ff80850b000 	/System/Library/PrivateFrameworks/TCC.framework/Versions/A/TCC
0x00007ff80cc20000 	/System/Library/PrivateFrameworks/CoreNLP.framework/Versions/A/CoreNLP
0x00007ff809f2d000 	/System/Library/PrivateFrameworks/MetadataUtilities.framework/Versions/A/MetadataUtilities
0x00007ff8041f0000 	/usr/lib/libmecabra.dylib
0x00007ff80d998000 	/usr/lib/libmecab.dylib
0x00007ff8041bb000 	/usr/lib/libCRFSuite.dylib
0x00007ff80d9f2000 	/usr/lib/libgermantok.dylib
0x00007ff80e57d000 	/usr/lib/libThaiTokenizer.dylib
0x00007ff80a020000 	/System/Library/Frameworks/Accelerate.framework/Versions/A/Frameworks/vImage.framework/Versions/A/vImage
0x00007ff8146ad000 	/System/Library/Frameworks/Accelerate.framework/Versions/A/Frameworks/vecLib.framework/Versions/A/vecLib
0x00007ff80eb6b000 	/System/Library/Frameworks/Accelerate.framework/Versions/A/Frameworks/vecLib.framework/Versions/A/libvMisc.dylib
0x00007ff80d3df000 	/System/Library/Frameworks/Accelerate.framework/Versions/A/Frameworks/vecLib.framework/Versions/A/libvDSP.dylib
0x00007ff803e37000 	/System/Library/Frameworks/Accelerate.framework/Versions/A/Frameworks/vecLib.framework/Versions/A/libBLAS.dylib
0x00007ff80e6b4000 	/System/Library/Frameworks/Accelerate.framework/Versions/A/Frameworks/vecLib.framework/Versions/A/libLAPACK.dylib
0x00007ff80d9f5000 	/System/Library/Frameworks/Accelerate.framework/Versions/A/Frameworks/vecLib.framework/Versions/A/libLinearAlgebra.dylib
0x00007ff80e5ba000 	/System/Library/Frameworks/Accelerate.framework/Versions/A/Frameworks/vecLib.framework/Versions/A/libSparseBLAS.dylib
0x00007ff80e6ae000 	/System/Library/Frameworks/Accelerate.framework/Versions/A/Frameworks/vecLib.framework/Versions/A/libQuadrature.dylib
0x00007ff80cd0b000 	/System/Library/Frameworks/Accelerate.framework/Versions/A/Frameworks/vecLib.framework/Versions/A/libBNNS.dylib
0x00007ff8040d1000 	/System/Library/Frameworks/Accelerate.framework/Versions/A/Frameworks/vecLib.framework/Versions/A/libSparse.dylib
0x00007ff80cd04000 	/System/Library/PrivateFrameworks/LinguisticData.framework/Versions/A/LinguisticData
0x00007ff804087000 	/System/Library/PrivateFrameworks/Lexicon.framework/Versions/A/Lexicon
0x00007ff80eb64000 	/usr/lib/libChineseTokenizer.dylib
0x00007ff8047e9000 	/System/Library/PrivateFrameworks/LanguageModeling.framework/Versions/A/LanguageModeling
0x00007ff80e57f000 	/System/Library/PrivateFrameworks/AppleSauce.framework/Versions/A/AppleSauce
0x00007ff80d5a2000 	/System/Library/PrivateFrameworks/CoreEmoji.framework/Versions/A/CoreEmoji
0x00007ff80e47f000 	/usr/lib/libcmph.dylib
0x00007ff80ac73000 	/System/Library/Frameworks/OpenDirectory.framework/Versions/A/Frameworks/CFOpenDirectory.framework/Versions/A/CFOpenDirectory
0x00007ff80ac67000 	/System/Library/Frameworks/OpenDirectory.framework/Versions/A/OpenDirectory
0x00007ff80eabd000 	/System/Library/PrivateFrameworks/APFS.framework/Versions/A/APFS
0x00007ff80d8bf000 	/System/Library/Frameworks/SecurityFoundation.framework/Versions/A/SecurityFoundation
0x00007ff80eb38000 	/usr/lib/libutil.dylib
0x00007ff805ed1000 	/System/Library/PrivateFrameworks/CoreServicesStore.framework/Versions/A/CoreServicesStore
0x00007ff80eb3c000 	/usr/lib/libxslt.1.dylib
0x00007ff80d94c000 	/System/Library/PrivateFrameworks/BackgroundTaskManagement.framework/Versions/A/BackgroundTaskManagement
0x00007ff80ffa7000 	/System/Library/Frameworks/ImageIO.framework/Versions/A/Resources/libRadiance.dylib
0x00007ff80ffb0000 	/System/Library/Frameworks/ImageIO.framework/Versions/A/Resources/libJPEG.dylib
0x00007ff80ff01000 	/System/Library/Frameworks/ImageIO.framework/Versions/A/Resources/libPng.dylib
0x00007ff80ff22000 	/System/Library/Frameworks/ImageIO.framework/Versions/A/Resources/libTIFF.dylib
0x00007ff810010000 	/System/Library/Frameworks/ImageIO.framework/Versions/A/Resources/libGIF.dylib
0x00007ff80f83c000 	/System/Library/Frameworks/ImageIO.framework/Versions/A/Resources/libJP2.dylib
0x00007ff80ef7a000 	/usr/lib/libexpat.1.dylib
0x00007ff80f7f1000 	/System/Library/PrivateFrameworks/AppleJPEG.framework/Versions/A/AppleJPEG
0x00007ff80c154000 	/System/Library/PrivateFrameworks/FontServices.framework/libFontParser.dylib
0x00007ff809c71000 	/System/Library/PrivateFrameworks/RunningBoardServices.framework/Versions/A/RunningBoardServices
0x00007ff81a95c000 	/System/Library/PrivateFrameworks/IOSurfaceAccelerator.framework/Versions/A/IOSurfaceAccelerator
0x00007ff80f91e000 	/System/Library/PrivateFrameworks/WatchdogClient.framework/Versions/A/WatchdogClient
0x00007ff8048d7000 	/System/Library/Frameworks/CoreDisplay.framework/Versions/A/CoreDisplay
0x00007ff80c052000 	/System/Library/Frameworks/CoreMedia.framework/Versions/A/CoreMedia
0x00007ff80bee9000 	/System/Library/PrivateFrameworks/IOAccelerator.framework/Versions/A/IOAccelerator
0x00007ff80adf0000 	/System/Library/Frameworks/CoreVideo.framework/Versions/A/CoreVideo
0x00007ff80e5d0000 	/System/Library/Frameworks/MetalPerformanceShaders.framework/Versions/A/MetalPerformanceShaders
0x00007ff80f95b000 	/System/Library/Frameworks/VideoToolbox.framework/Versions/A/VideoToolbox
0x00007ff809bbb000 	/System/Library/PrivateFrameworks/BaseBoard.framework/Versions/A/BaseBoard
0x00007ff809942000 	/System/Library/PrivateFrameworks/ProtocolBuffer.framework/Versions/A/ProtocolBuffer
0x00007ff80ffa0000 	/System/Library/PrivateFrameworks/GPUWrangler.framework/Versions/A/GPUWrangler
0x00007ff80ff84000 	/System/Library/PrivateFrameworks/IOPresentment.framework/Versions/A/IOPresentment
0x00007ff80ffaa000 	/System/Library/PrivateFrameworks/DSExternalDisplay.framework/Versions/A/DSExternalDisplay
0x00007ffa1b605000 	/System/Library/Frameworks/OpenGL.framework/Versions/A/Libraries/libCoreFSCache.dylib
0x00007ffb082c1000 	/System/Library/PrivateFrameworks/GPUCompiler.framework/Versions/31001/Libraries/libGPUCompilerUtils.dylib
0x00007ff810015000 	/System/Library/PrivateFrameworks/CMCaptureCore.framework/Versions/A/CMCaptureCore
0x00007ff80f522000 	/System/Library/PrivateFrameworks/AppServerSupport.framework/Versions/A/AppServerSupport
0x00007ff8117e1000 	/System/Library/PrivateFrameworks/perfdata.framework/Versions/A/perfdata
0x00007ff804a03000 	/System/Library/PrivateFrameworks/AudioToolboxCore.framework/Versions/A/AudioToolboxCore
0x00007ff80c030000 	/System/Library/PrivateFrameworks/caulk.framework/Versions/A/caulk
0x00007ff8110f3000 	/usr/lib/libAudioStatistics.dylib
0x00007ff90889b000 	/System/Library/PrivateFrameworks/SystemPolicy.framework/Versions/A/SystemPolicy
0x00007ff81134e000 	/usr/lib/libSMC.dylib
0x00007ff81a257000 	/System/Library/Frameworks/CoreMIDI.framework/Versions/A/CoreMIDI
0x00007ff80fed0000 	/usr/lib/libAudioToolboxUtility.dylib
0x00007ff904b3e000 	/System/Library/PrivateFrameworks/OSAServicesClient.framework/Versions/A/OSAServicesClient
0x00007ff8117ee000 	/usr/lib/libperfcheck.dylib
0x00007ff909345000 	/usr/lib/libmis.dylib
0x00007ffa1b660000 	/System/Library/Frameworks/OpenGL.framework/Versions/A/Libraries/libGLU.dylib
0x00007ffa1b624000 	/System/Library/Frameworks/OpenGL.framework/Versions/A/Libraries/libGFXShared.dylib
0x00007ffa1b82d000 	/System/Library/Frameworks/OpenGL.framework/Versions/A/Libraries/libGL.dylib
0x00007ffa1b62d000 	/System/Library/Frameworks/OpenGL.framework/Versions/A/Libraries/libGLImage.dylib
0x00007ffa1b621000 	/System/Library/Frameworks/OpenGL.framework/Versions/A/Libraries/libCVMSPluginSupport.dylib
0x00007ffa1b60c000 	/System/Library/Frameworks/OpenGL.framework/Versions/A/Libraries/libCoreVMClient.dylib
0x00007ff80cb9c000 	/System/Library/Frameworks/MetalPerformanceShaders.framework/Versions/A/Frameworks/MPSCore.framework/Versions/A/MPSCore
0x00007ff80df68000 	/System/Library/Frameworks/MetalPerformanceShaders.framework/Versions/A/Frameworks/MPSImage.framework/Versions/A/MPSImage
0x00007ff80da0b000 	/System/Library/Frameworks/MetalPerformanceShaders.framework/Versions/A/Frameworks/MPSNeuralNetwork.framework/Versions/A/MPSNeuralNetwork
0x00007ff80de7f000 	/System/Library/Frameworks/MetalPerformanceShaders.framework/Versions/A/Frameworks/MPSMatrix.framework/Versions/A/MPSMatrix
0x00007ff80dc3a000 	/System/Library/Frameworks/MetalPerformanceShaders.framework/Versions/A/Frameworks/MPSRayIntersector.framework/Versions/A/MPSRayIntersector
0x00007ff80deb7000 	/System/Library/Frameworks/MetalPerformanceShaders.framework/Versions/A/Frameworks/MPSNDArray.framework/Versions/A/MPSNDArray
0x00007ffa2058d000 	/System/Library/Frameworks/MetalPerformanceShaders.framework/Versions/A/Frameworks/MPSFunctions.framework/Versions/A/MPSFunctions
0x00007ff803d14000 	/System/Library/PrivateFrameworks/MetalTools.framework/Versions/A/MetalTools
0x00007ff80cc18000 	/System/Library/PrivateFrameworks/AggregateDictionary.framework/Versions/A/AggregateDictionary
0x00007ff80ed5c000 	/usr/lib/libIOReport.dylib
0x00007ffa1cc3c000 	/System/Library/Frameworks/OpenCL.framework/Versions/A/OpenCL
0x00007ff80f0c0000 	/System/Library/PrivateFrameworks/FaceCore.framework/Versions/A/FaceCore
0x00007ff80f0b1000 	/System/Library/PrivateFrameworks/GraphVisualizer.framework/Versions/A/GraphVisualizer
0x00007ffb081cc000 	/System/Library/PrivateFrameworks/FontServices.framework/Versions/A/FontServices
0x00007ff80f4da000 	/System/Library/PrivateFrameworks/OTSVG.framework/Versions/A/OTSVG
0x00007ff80a9d7000 	/System/Library/Frameworks/ApplicationServices.framework/Versions/A/Frameworks/ATS.framework/Versions/A/Resources/libFontRegistry.dylib
0x00007ff80f52a000 	/System/Library/PrivateFrameworks/FontServices.framework/libhvf.dylib
0x00007ffb081cd000 	/System/Library/PrivateFrameworks/FontServices.framework/libXTFontStaticRegistryData.dylib
0x00007ff80ef2a000 	/System/Library/PrivateFrameworks/AppleVA.framework/Versions/A/AppleVA
0x00007ff811113000 	/System/Library/Frameworks/ApplicationServices.framework/Versions/A/Frameworks/ATS.framework/Versions/A/ATS
0x00007ff809089000 	/System/Library/Frameworks/ApplicationServices.framework/Versions/A/Frameworks/HIServices.framework/Versions/A/HIServices
0x00007ff81001f000 	/System/Library/Frameworks/ApplicationServices.framework/Versions/A/Frameworks/PrintCore.framework/Versions/A/PrintCore
0x00007ff8114a1000 	/System/Library/Frameworks/ApplicationServices.framework/Versions/A/Frameworks/QD.framework/Versions/A/QD
0x00007ff811499000 	/System/Library/Frameworks/ApplicationServices.framework/Versions/A/Frameworks/ColorSyncLegacy.framework/Versions/A/ColorSyncLegacy
0x00007ff811103000 	/System/Library/Frameworks/ApplicationServices.framework/Versions/A/Frameworks/SpeechSynthesis.framework/Versions/A/SpeechSynthesis
0x00007ff80ffe0000 	/System/Library/Frameworks/ApplicationServices.framework/Versions/A/Frameworks/ATSUI.framework/Versions/A/ATSUI
0x00007ff81142e000 	/usr/lib/libcups.2.dylib
0x00007ff8117fd000 	/System/Library/Frameworks/Kerberos.framework/Versions/A/Kerberos
0x00007ff81180c000 	/System/Library/Frameworks/GSS.framework/Versions/A/GSS
0x00007ff81117f000 	/usr/lib/libresolv.9.dylib
0x00007ff80f539000 	/System/Library/PrivateFrameworks/Heimdal.framework/Versions/A/Heimdal
0x00007ff8183d9000 	/System/Library/Frameworks/Kerberos.framework/Versions/A/Libraries/libHeimdalProxy.dylib
0x00007ff809d44000 	/System/Library/Frameworks/Network.framework/Versions/A/Network
0x00007ff80ef94000 	/usr/lib/libheimdal-asn1.dylib
0x00007ff811857000 	/System/Library/PrivateFrameworks/CommonAuth.framework/Versions/A/CommonAuth
0x00007ff811085000 	/System/Library/PrivateFrameworks/AudioSession.framework/Versions/A/AudioSession
0x00007ff80f024000 	/System/Library/PrivateFrameworks/MediaExperience.framework/Versions/A/MediaExperience
0x00007ff810f18000 	/System/Library/PrivateFrameworks/AudioSession.framework/libSessionUtility.dylib
0x00007ff8114ad000 	/System/Library/PrivateFrameworks/AudioResourceArbitration.framework/Versions/A/AudioResourceArbitration
0x00007ff815520000 	/System/Library/PrivateFrameworks/PowerLog.framework/Versions/A/PowerLog
0x00007ff80ef9d000 	/System/Library/PrivateFrameworks/IconFoundation.framework/Versions/A/IconFoundation
0x00007ff8142d6000 	/System/Library/PrivateFrameworks/SpeechRecognitionCore.framework/Versions/A/SpeechRecognitionCore
0x0000000105cb5000 	/Library/Java/JavaVirtualMachines/zulu-17.jdk/Contents/Home/lib/server/libjvm.dylib
0x0000000104b9e000 	/Library/Java/JavaVirtualMachines/zulu-17.jdk/Contents/Home/lib/libjimage.dylib
0x0000000104c15000 	/Library/Java/JavaVirtualMachines/zulu-17.jdk/Contents/Home/lib/libjava.dylib
0x000000010538a000 	/Library/Java/JavaVirtualMachines/zulu-17.jdk/Contents/Home/lib/libnio.dylib
0x00000001053b9000 	/Library/Java/JavaVirtualMachines/zulu-17.jdk/Contents/Home/lib/libnet.dylib
0x000000010539f000 	/Library/Java/JavaVirtualMachines/zulu-17.jdk/Contents/Home/lib/libzip.dylib
0x00000001053ec000 	/Users/yekongyunling/Library/Application Support/Code/User/globalStorage/redhat.java/1.4.0/config_mac/org.eclipse.equinox.launcher/org.eclipse.equinox.launcher.cocoa.macosx.x86_64_1.2.400.v20211117-0650/eclipse_11600.so
0x00007ff805e93000 	/System/Library/PrivateFrameworks/CoreServicesInternal.framework/Versions/A/CoreServicesInternal
0x00007ff815b11000 	/System/Library/Frameworks/FileProvider.framework/Versions/A/FileProvider
0x00007ff809b28000 	/System/Library/Frameworks/Accounts.framework/Versions/A/Accounts
0x00007ff815c8a000 	/System/Library/PrivateFrameworks/GenerationalStorage.framework/Versions/A/GenerationalStorage
0x00007ff81679d000 	/System/Library/PrivateFrameworks/CoreSymbolication.framework/Versions/A/CoreSymbolication
0x00007ff815515000 	/System/Library/PrivateFrameworks/SymptomDiagnosticReporter.framework/Versions/A/SymptomDiagnosticReporter
0x00007ff807151000 	/System/Library/PrivateFrameworks/DesktopServicesPriv.framework/Versions/A/DesktopServicesPriv
0x00007ff805fd2000 	/usr/lib/libsandbox.1.dylib
0x00007ff80ae6f000 	/System/Library/PrivateFrameworks/UserManagement.framework/Versions/A/UserManagement
0x00007ff816762000 	/System/Library/PrivateFrameworks/DebugSymbols.framework/Versions/A/DebugSymbols
0x00007ff81148e000 	/System/Library/PrivateFrameworks/NetAuth.framework/Versions/A/NetAuth
0x00007ff81239b000 	/System/Library/PrivateFrameworks/Sharing.framework/Versions/A/Sharing
0x00007ff80ae42000 	/System/Library/PrivateFrameworks/login.framework/Versions/A/Frameworks/loginsupport.framework/Versions/A/loginsupport
0x00007ff817900000 	/System/Library/PrivateFrameworks/Apple80211.framework/Versions/A/Apple80211
0x00007ff80e04d000 	/System/Library/PrivateFrameworks/AuthKit.framework/Versions/A/AuthKit
0x00007ff80d698000 	/System/Library/PrivateFrameworks/CoreUtils.framework/Versions/A/CoreUtils
0x00007ff80d5bf000 	/System/Library/Frameworks/CoreWLAN.framework/Versions/A/CoreWLAN
0x00007ff8124fa000 	/System/Library/Frameworks/IOBluetooth.framework/Versions/A/IOBluetooth
0x00007ff817968000 	/System/Library/PrivateFrameworks/CoreWiFi.framework/Versions/A/CoreWiFi
0x00007ff816334000 	/System/Library/PrivateFrameworks/FrontBoardServices.framework/Versions/A/FrontBoardServices
0x00007ff8163c5000 	/System/Library/PrivateFrameworks/BoardServices.framework/Versions/A/BoardServices
0x00007ff80d8ae000 	/System/Library/PrivateFrameworks/AssertionServices.framework/Versions/A/AssertionServices
0x00007ff817aeb000 	/System/Library/PrivateFrameworks/BackBoardServices.framework/Versions/A/BackBoardServices
0x00007ff8118e8000 	/System/Library/PrivateFrameworks/CorePhoneNumbers.framework/Versions/A/CorePhoneNumbers
0x00007ff815632000 	/System/Library/PrivateFrameworks/DiskManagement.framework/Versions/A/DiskManagement
0x00007ff815546000 	/System/Library/PrivateFrameworks/AppleIDAuthSupport.framework/Versions/A/AppleIDAuthSupport
0x00007ffa22b4e000 	/System/Library/PrivateFrameworks/AAAFoundation.framework/Versions/A/AAAFoundation
0x00007ff8118c9000 	/System/Library/PrivateFrameworks/KeychainCircle.framework/Versions/A/KeychainCircle
0x00007ff8155fe000 	/System/Library/PrivateFrameworks/MediaKit.framework/Versions/A/MediaKit
0x00007ff815552000 	/System/Library/Frameworks/DiscRecording.framework/Versions/A/DiscRecording
0x00007ff80eea2000 	/usr/lib/libCoreStorage.dylib
0x00007ff817dd9000 	/usr/lib/libcsfde.dylib
0x00007ff8125c7000 	/System/Library/PrivateFrameworks/ProtectedCloudStorage.framework/Versions/A/ProtectedCloudStorage
0x00007ff817dd5000 	/System/Library/PrivateFrameworks/EFILogin.framework/Versions/A/EFILogin
0x00007ff815cb0000 	/System/Library/PrivateFrameworks/OctagonTrust.framework/Versions/A/OctagonTrust
0x00007ffb0743b000 	/System/Library/PrivateFrameworks/CoreUtilsExtras.framework/Versions/A/CoreUtilsExtras
0x00007ff815479000 	/System/Library/Frameworks/CoreBluetooth.framework/Versions/A/CoreBluetooth
0x00007ff81845e000 	/System/Library/Frameworks/AudioUnit.framework/Versions/A/AudioUnit
0x00007ff80ee9a000 	/usr/lib/libMatch.1.dylib
0x00007ff80ab67000 	/System/Library/PrivateFrameworks/ViewBridge.framework/Versions/A/ViewBridge
0x0000000106e47000 	/Library/Java/JavaVirtualMachines/zulu-17.jdk/Contents/Home/lib/libverify.dylib
0x0000000105ca2000 	/Users/yekongyunling/.gradle/native/e1d6ef7f7dcc3fd88c89a11ec53ec762bb8ba0a96d01ffa2cd45eb1d1d8dd5c5/osx-amd64/libnative-platform.dylib
0x0000000106e59000 	/Library/Java/JavaVirtualMachines/zulu-17.jdk/Contents/Home/lib/libmanagement.dylib
0x0000000106e63000 	/Library/Java/JavaVirtualMachines/zulu-17.jdk/Contents/Home/lib/libmanagement_ext.dylib
0x0000000106e6e000 	/Library/Java/JavaVirtualMachines/zulu-17.jdk/Contents/Home/lib/libextnet.dylib


VM Arguments:
jvm_args: --add-modules=ALL-SYSTEM --add-opens=java.base/java.util=ALL-UNNAMED --add-opens=java.base/java.lang=ALL-UNNAMED --add-opens=java.base/sun.nio.fs=ALL-UNNAMED -Declipse.application=org.eclipse.jdt.ls.core.id1 -Dosgi.bundles.defaultStartLevel=4 -Declipse.product=org.eclipse.jdt.ls.core.product -Djava.import.generatesMetadataFilesAtProjectRoot=false -Dfile.encoding=utf8 -XX:+UseParallelGC -XX:GCTimeRatio=4 -XX:AdaptiveSizePolicyWeight=90 -Dsun.zip.disableMemoryMapping=true -Xmx1G -Xms100m -XX:+HeapDumpOnOutOfMemoryError -XX:HeapDumpPath=/Users/yekongyunling/Library/Application Support/Code/User/workspaceStorage/0287316c405d2814aa63b10688f0e31c/redhat.java 
java_command: /Users/yekongyunling/.vscode/extensions/redhat.java-1.4.0/server/plugins/org.eclipse.equinox.launcher_1.6.400.v20210924-0641.jar -configuration /Users/yekongyunling/Library/Application Support/Code/User/globalStorage/redhat.java/1.4.0/config_mac -data /Users/yekongyunling/Library/Application Support/Code/User/workspaceStorage/0287316c405d2814aa63b10688f0e31c/redhat.java/jdt_ws
java_class_path (initial): /Users/yekongyunling/.vscode/extensions/redhat.java-1.4.0/server/plugins/org.eclipse.equinox.launcher_1.6.400.v20210924-0641.jar
Launcher Type: SUN_STANDARD

[Global flags]
    uintx AdaptiveSizePolicyWeight                 = 90                                        {product} {command line}
     intx CICompilerCount                          = 12                                        {product} {ergonomic}
    uintx GCTimeRatio                              = 4                                         {product} {command line}
     bool HeapDumpOnOutOfMemoryError               = true                                   {manageable} {command line}
    ccstr HeapDumpPath                             = /Users/yekongyunling/Library/Application Support/Code/User/workspaceStorage/0287316c405d2814aa63b10688f0e31c/redhat.java         {manageable} {command line}
   size_t InitialHeapSize                          = 104857600                                 {product} {command line}
   size_t MaxHeapSize                              = 1073741824                                {product} {command line}
   size_t MaxNewSize                               = 357564416                                 {product} {ergonomic}
   size_t MinHeapDeltaBytes                        = 524288                                    {product} {ergonomic}
   size_t MinHeapSize                              = 104857600                                 {product} {command line}
   size_t NewSize                                  = 34603008                                  {product} {ergonomic}
    uintx NonNMethodCodeHeapSize                   = 7602480                                {pd product} {ergonomic}
    uintx NonProfiledCodeHeapSize                  = 122027880                              {pd product} {ergonomic}
   size_t OldSize                                  = 70254592                                  {product} {ergonomic}
    uintx ProfiledCodeHeapSize                     = 122027880                              {pd product} {ergonomic}
    uintx ReservedCodeCacheSize                    = 251658240                              {pd product} {ergonomic}
     bool SegmentedCodeCache                       = true                                      {product} {ergonomic}
   size_t SoftMaxHeapSize                          = 1073741824                             {manageable} {ergonomic}
     bool UseCompressedClassPointers               = true                           {product lp64_product} {ergonomic}
     bool UseCompressedOops                        = true                           {product lp64_product} {ergonomic}
     bool UseNUMA                                  = false                                     {product} {ergonomic}
     bool UseNUMAInterleaving                      = false                                     {product} {ergonomic}
     bool UseParallelGC                            = true                                      {product} {command line}

Logging:
Log output configuration:
 #0: stdout all=warning uptime,level,tags
 #1: stderr all=off uptime,level,tags

Environment Variables:
PATH=/Library/Frameworks/Python.framework/Versions/3.9/bin:/usr/local/bin:/usr/bin:/bin:/usr/sbin:/sbin:/Applications/VMware Fusion.app/Contents/Public:/Library/Apple/usr/bin:/Library/Frameworks/Mono.framework/Versions/Current/Commands
SHELL=/bin/zsh
LANG=en_US.UTF-8
LC_ALL=en_US.UTF-8

Signal Handlers:
   SIGSEGV: _ZL13crash_handleriP9__siginfoPv in libjvm.dylib, mask=11100110000111110111111111111111, flags=SA_RESTART|SA_SIGINFO
    SIGBUS: _ZL13crash_handleriP9__siginfoPv in libjvm.dylib, mask=11100110000111110111111111111111, flags=SA_RESTART|SA_SIGINFO
    SIGFPE: _ZL13crash_handleriP9__siginfoPv in libjvm.dylib, mask=11100110000111110111111111111111, flags=SA_RESTART|SA_SIGINFO
   SIGPIPE: _ZL17javaSignalHandleriP9__siginfoPv in libjvm.dylib, mask=11100110000111110111111111111111, flags=SA_RESTART|SA_SIGINFO
   SIGXFSZ: _ZL17javaSignalHandleriP9__siginfoPv in libjvm.dylib, mask=11100110000111110111111111111111, flags=SA_RESTART|SA_SIGINFO
    SIGILL: _ZL13crash_handleriP9__siginfoPv in libjvm.dylib, mask=11100110000111110111111111111111, flags=SA_RESTART|SA_SIGINFO
   SIGUSR2: _ZL10SR_handleriP9__siginfoP17__darwin_ucontext in libjvm.dylib, mask=00000000000000000000000000000000, flags=SA_RESTART|SA_SIGINFO
    SIGHUP: _ZL11UserHandleriPvS_ in libjvm.dylib, mask=11100110000111110111111111111111, flags=SA_RESTART|SA_SIGINFO
    SIGINT: _ZL11UserHandleriPvS_ in libjvm.dylib, mask=11100110000111110111111111111111, flags=SA_RESTART|SA_SIGINFO
   SIGTERM: _ZL11UserHandleriPvS_ in libjvm.dylib, mask=11100110000111110111111111111111, flags=SA_RESTART|SA_SIGINFO
   SIGQUIT: _ZL11UserHandleriPvS_ in libjvm.dylib, mask=11100110000111110111111111111111, flags=SA_RESTART|SA_SIGINFO
   SIGTRAP: _ZL13crash_handleriP9__siginfoPv in libjvm.dylib, mask=11100110000111110111111111111111, flags=SA_RESTART|SA_SIGINFO


---------------  S Y S T E M  ---------------

OS:
uname: Darwin 21.4.0 Darwin Kernel Version 21.4.0: Fri Mar 18 00:45:05 PDT 2022; root:xnu-8020.101.4~15/RELEASE_X86_64 x86_64
OS uptime: 3 days 22:45 hours
rlimit (soft/hard): STACK 8192k/65532k , CORE 0k/infinity , NPROC 2784/4176 , NOFILE 10240/infinity , AS infinity/infinity , CPU infinity/infinity , DATA infinity/infinity , FSIZE infinity/infinity , MEMLOCK infinity/infinity , RSS infinity/infinity
load average: 4.14 4.19 3.67

CPU: total 16 (initial active 16) (8 cores per cpu, 2 threads per core) family 6 model 158 stepping 13 microcode 0xec, cx8, cmov, fxsr, ht, mmx, 3dnowpref, sse, sse2, sse3, ssse3, sse4.1, sse4.2, popcnt, lzcnt, tsc, tscinvbit, avx, avx2, aes, erms, clmul, bmi1, bmi2, adx, fma, vzeroupper, clflush, clflushopt

Memory: 4k page, physical 16777216k(2857704k free), swap 2097152k(940800k free)

vm_info: OpenJDK 64-Bit Server VM (17.0.2+8-LTS) for bsd-amd64 JRE (17.0.2+8-LTS) (Zulu17.32+13-CA), built on Jan  8 2022 05:13:46 by "zulu_re" with clang 4.2.1 Compatible Apple LLVM 11.0.0 (clang-1100.0.33.17)

END.
